[25-Oct-2011 12:07:39 - INFO] "Non concensus Nterminus:	IMDSC,GRVGN,MPEEV" (com.compomics.suppl.halflife.UniProtReader:102)
[25-Oct-2011 12:07:50 - INFO] "Non concensus Nterminus:	METPS,INSTG,SVRGN,QIRRQ,METSS,MGNAE" (com.compomics.suppl.halflife.UniProtReader:102)
[25-Oct-2011 12:08:03 - INFO] "0.03%" (com.compomics.suppl.halflife.ProteinContextRunner:66)
[25-Oct-2011 12:08:07 - INFO] "Non concensus Nterminus:	MSDEA,MSDAA,TTGCS,GGCSE,TGCSE" (com.compomics.suppl.halflife.UniProtReader:102)
[25-Oct-2011 12:08:08 - INFO] "Non concensus Nterminus:	MAQQA,QRQSV,KKKQL,DQLEQ,AKRRL,TEFTT" (com.compomics.suppl.halflife.UniProtReader:102)
[25-Oct-2011 12:08:12 - INFO] "0.05%" (com.compomics.suppl.halflife.ProteinContextRunner:66)
[25-Oct-2011 12:08:13 - INFO] "Non concensus Nterminus:	MEDYI,SYLHQ,DYIKI" (com.compomics.suppl.halflife.UniProtReader:102)
[25-Oct-2011 12:08:18 - INFO] "Non concensus Nterminus:	KLESE,MPGGP,VEPLE,MSRDR,NLSPY" (com.compomics.suppl.halflife.UniProtReader:102)
[25-Oct-2011 12:08:21 - INFO] "0.07%" (com.compomics.suppl.halflife.ProteinContextRunner:66)
[25-Oct-2011 12:08:23 - INFO] "Non concensus Nterminus:	RQAVI,MFSRA,MATLK" (com.compomics.suppl.halflife.UniProtReader:102)
[25-Oct-2011 12:08:26 - INFO] "Non concensus Nterminus:	GSAGG,GNKPE,MILLE" (com.compomics.suppl.halflife.UniProtReader:102)
[25-Oct-2011 12:08:30 - INFO] "0.09%" (com.compomics.suppl.halflife.ProteinContextRunner:66)
[25-Oct-2011 12:08:31 - INFO] "Non concensus Nterminus:	KPADL,YLKLS,LADCN,MALSM" (com.compomics.suppl.halflife.UniProtReader:102)
[25-Oct-2011 12:08:44 - INFO] "Non concensus Nterminus:	DDLFS,MNGSK,MPVDD,EAAKF" (com.compomics.suppl.halflife.UniProtReader:102)
[25-Oct-2011 12:08:49 - INFO] "0.11%" (com.compomics.suppl.halflife.ProteinContextRunner:66)
[25-Oct-2011 12:08:55 - INFO] "Non concensus Nterminus:	PHIDV,MEKEE,PRVRK,GLNLK,VPSVG,MIKIP,GDLKG,TRPVD" (com.compomics.suppl.halflife.UniProtReader:102)
[25-Oct-2011 12:08:57 - INFO] "Non concensus Nterminus:	AKEEH,MMDFF,MDFFN,MSDFD" (com.compomics.suppl.halflife.UniProtReader:102)
[25-Oct-2011 12:08:58 - INFO] "Non concensus Nterminus:	MAAVA,KPKSA,MELSE,EKNRE" (com.compomics.suppl.halflife.UniProtReader:102)
[25-Oct-2011 12:09:00 - INFO] "Non concensus Nterminus:	YRVYC,NSTFS,MEGYH" (com.compomics.suppl.halflife.UniProtReader:102)
[25-Oct-2011 12:09:03 - INFO] "Non concensus Nterminus:	MAMLA,NINMA,MAVSV" (com.compomics.suppl.halflife.UniProtReader:102)
[25-Oct-2011 12:09:03 - INFO] "Non concensus Nterminus:	LNLEE,TRPPG,MNKAP,MNTPS" (com.compomics.suppl.halflife.UniProtReader:102)
[25-Oct-2011 12:09:04 - INFO] "Non concensus Nterminus:	VICLE,MAEEG,LLKKR" (com.compomics.suppl.halflife.UniProtReader:102)
[25-Oct-2011 12:09:04 - INFO] "0.13%" (com.compomics.suppl.halflife.ProteinContextRunner:66)
[25-Oct-2011 12:09:13 - INFO] "0.15%" (com.compomics.suppl.halflife.ProteinContextRunner:66)
[25-Oct-2011 12:09:13 - INFO] "Non concensus Nterminus:	MAAAA,EGEDE,MNPSS,AKETF" (com.compomics.suppl.halflife.UniProtReader:102)
[25-Oct-2011 12:09:18 - INFO] "Non concensus Nterminus:	MSTMT,FAAHM,MVTLA,MGLIF,RMSTM" (com.compomics.suppl.halflife.UniProtReader:102)
[25-Oct-2011 12:09:20 - INFO] "Non concensus Nterminus:	MRKIT,MAFMP,MPAVS" (com.compomics.suppl.halflife.UniProtReader:102)
[25-Oct-2011 12:09:21 - INFO] "0.17%" (com.compomics.suppl.halflife.ProteinContextRunner:66)
[25-Oct-2011 12:09:23 - INFO] "Non concensus Nterminus:	RAQGG,ALSAA,IMVDD,MVALS,MCTQQ" (com.compomics.suppl.halflife.UniProtReader:102)
[25-Oct-2011 12:09:24 - INFO] "Non concensus Nterminus:	IMENA,MELSP,MVQKK,MCADV,GTGWS" (com.compomics.suppl.halflife.UniProtReader:102)
[25-Oct-2011 12:09:24 - INFO] "Non concensus Nterminus:	RTVEN,AANLQ,VVLAP,VSRIC,VITPL,MSEPG,GKKKQ" (com.compomics.suppl.halflife.UniProtReader:102)
[25-Oct-2011 12:09:26 - INFO] "Non concensus Nterminus:	MSDNG,DVVTE,ELKNP,EGSVK,RKAYG,NENPL" (com.compomics.suppl.halflife.UniProtReader:102)
[25-Oct-2011 12:09:26 - INFO] "Non concensus Nterminus:	FDSTH,GSRGA,DPSCP,RGPYN,SSLPA,MPSAT" (com.compomics.suppl.halflife.UniProtReader:102)
[25-Oct-2011 12:09:28 - INFO] "0.19%" (com.compomics.suppl.halflife.ProteinContextRunner:66)
[25-Oct-2011 12:09:30 - INFO] "Non concensus Nterminus:	SPKAH,YFETA,MGAMA,TQTRA,SDAEN,PHSMR" (com.compomics.suppl.halflife.UniProtReader:102)
[25-Oct-2011 12:09:30 - INFO] "Non concensus Nterminus:	IMTRA,LHYVT,LSFSE,MAALV,PTRPP" (com.compomics.suppl.halflife.UniProtReader:102)
[25-Oct-2011 12:09:32 - INFO] "Non concensus Nterminus:	RIATL,VSFFI,GDHPI,MGKGV,MIDPP" (com.compomics.suppl.halflife.UniProtReader:102)
[25-Oct-2011 12:09:32 - INFO] "Non concensus Nterminus:	MFGFL,MCPYS,MGLVL,MLSSG" (com.compomics.suppl.halflife.UniProtReader:102)
[25-Oct-2011 12:09:36 - INFO] "Non concensus Nterminus:	MTVLL,MDLET,MSATH,MGLGH" (com.compomics.suppl.halflife.UniProtReader:102)
[25-Oct-2011 12:09:37 - INFO] "0.21%" (com.compomics.suppl.halflife.ProteinContextRunner:66)
[25-Oct-2011 12:09:40 - INFO] "Non concensus Nterminus:	MNCER,MAEGG,MLASQ,MAQPY,MEKKK" (com.compomics.suppl.halflife.UniProtReader:102)
[25-Oct-2011 12:09:40 - INFO] "Non concensus Nterminus:	MGKKQ,KIEPI,ILING,MKELR,IIVPG" (com.compomics.suppl.halflife.UniProtReader:102)
[25-Oct-2011 12:09:40 - INFO] "Non concensus Nterminus:	DMEGD,MADVT,SKKDF" (com.compomics.suppl.halflife.UniProtReader:102)
[25-Oct-2011 12:09:41 - INFO] "Non concensus Nterminus:	MMQEA,MAAGV,MEIDP" (com.compomics.suppl.halflife.UniProtReader:102)
[25-Oct-2011 12:09:44 - INFO] "0.23%" (com.compomics.suppl.halflife.ProteinContextRunner:66)
[25-Oct-2011 12:09:47 - INFO] "Non concensus Nterminus:	SLSKR,IFLSF,RGWRA,MANQV,ADPVE,SFSKR" (com.compomics.suppl.halflife.UniProtReader:102)
[25-Oct-2011 12:09:48 - INFO] "Non concensus Nterminus:	RVLLG,MGPID,MWPRV" (com.compomics.suppl.halflife.UniProtReader:102)
[25-Oct-2011 12:09:49 - INFO] "Non concensus Nterminus:	GEISI,MEYEW,MVWDR" (com.compomics.suppl.halflife.UniProtReader:102)
[25-Oct-2011 12:09:50 - INFO] "Non concensus Nterminus:	GGLYG,MADGD,GLYGE" (com.compomics.suppl.halflife.UniProtReader:102)
[25-Oct-2011 12:09:51 - INFO] "Non concensus Nterminus:	AARLQ,DKWLH,CGQAA,MTTTV,EMGFY" (com.compomics.suppl.halflife.UniProtReader:102)
[25-Oct-2011 12:09:51 - INFO] "0.25%" (com.compomics.suppl.halflife.ProteinContextRunner:66)
[25-Oct-2011 12:09:52 - INFO] "Non concensus Nterminus:	LAGTM,MGRAA,MCASR,MSWGR" (com.compomics.suppl.halflife.UniProtReader:102)
[25-Oct-2011 12:09:53 - INFO] "Non concensus Nterminus:	PSPPS,DDIAW,INPEN,ESKTV,MAAMY" (com.compomics.suppl.halflife.UniProtReader:102)
[25-Oct-2011 12:09:54 - INFO] "Non concensus Nterminus:	MPKPI,GLRRL,AILPS,ILPSC,RRRAA,AEEAK" (com.compomics.suppl.halflife.UniProtReader:102)
[25-Oct-2011 12:09:55 - INFO] "Non concensus Nterminus:	MSAAF,MTRAK" (com.compomics.suppl.halflife.UniProtReader:102)
[25-Oct-2011 12:09:55 - INFO] "Non concensus Nterminus:	MSAPA,MDGSG,DGSGP,GWGLG,RVERV" (com.compomics.suppl.halflife.UniProtReader:102)
[25-Oct-2011 12:09:58 - INFO] "0.27%" (com.compomics.suppl.halflife.ProteinContextRunner:66)
[25-Oct-2011 12:09:58 - INFO] "Non concensus Nterminus:	MLGVS,LLRGV,GGGRR,MAAGE" (com.compomics.suppl.halflife.UniProtReader:102)
[25-Oct-2011 12:10:04 - INFO] "Non concensus Nterminus:	VVFSH,MASPG,IGGGS,MALLP,AGSAR,DAYVS,AARAL,VVAAP" (com.compomics.suppl.halflife.UniProtReader:102)
[25-Oct-2011 12:10:06 - INFO] "0.29%" (com.compomics.suppl.halflife.ProteinContextRunner:66)
[25-Oct-2011 12:10:06 - INFO] "Non concensus Nterminus:	MAEVV,KSPGQ,MPPSH,MDPLS" (com.compomics.suppl.halflife.UniProtReader:102)
[25-Oct-2011 12:10:09 - INFO] "Non concensus Nterminus:	FSVGG,MAAST,MAVPW" (com.compomics.suppl.halflife.UniProtReader:102)
[25-Oct-2011 12:10:10 - INFO] "Non concensus Nterminus:	MVVTD,KKLVN,MSQQG" (com.compomics.suppl.halflife.UniProtReader:102)
[25-Oct-2011 12:10:10 - INFO] "Non concensus Nterminus:	MQMRM,MELVE,MRMEL" (com.compomics.suppl.halflife.UniProtReader:102)
[25-Oct-2011 12:10:11 - INFO] "Non concensus Nterminus:	MSSFS,MLPKN,FSRAP" (com.compomics.suppl.halflife.UniProtReader:102)
[25-Oct-2011 12:10:11 - INFO] "Non concensus Nterminus:	MEKAK,HASAH,AEQAA,MTLHA" (com.compomics.suppl.halflife.UniProtReader:102)
[25-Oct-2011 12:10:12 - INFO] "Non concensus Nterminus:	ARGVS,MEEIY,MPVSL" (com.compomics.suppl.halflife.UniProtReader:102)
[25-Oct-2011 12:10:13 - INFO] "0.31%" (com.compomics.suppl.halflife.ProteinContextRunner:66)
[25-Oct-2011 12:10:13 - INFO] "Non concensus Nterminus:	GNTPP,LIQPP,MFYLD,MSATS,WNLKN" (com.compomics.suppl.halflife.UniProtReader:102)
[25-Oct-2011 12:10:14 - INFO] "Non concensus Nterminus:	SDKKV,MIKFY,MAASM,GGRVG,RGRVG" (com.compomics.suppl.halflife.UniProtReader:102)
[25-Oct-2011 12:10:14 - INFO] "Non concensus Nterminus:	SLRGR,MATPS,MSMMM" (com.compomics.suppl.halflife.UniProtReader:102)
[25-Oct-2011 12:10:17 - INFO] "Non concensus Nterminus:	MKSTS,EGTLV,MAADT,LGKLF,LKPEC,AMLRL" (com.compomics.suppl.halflife.UniProtReader:102)
[25-Oct-2011 12:10:19 - INFO] "Non concensus Nterminus:	VTGEA,MGKSR,TRPSI,MASKN" (com.compomics.suppl.halflife.UniProtReader:102)
[25-Oct-2011 12:10:19 - INFO] "Non concensus Nterminus:	MRLLI,QGLSQ,MCSRG" (com.compomics.suppl.halflife.UniProtReader:102)
[25-Oct-2011 12:10:20 - INFO] "0.33%" (com.compomics.suppl.halflife.ProteinContextRunner:66)
[25-Oct-2011 12:10:20 - INFO] "Non concensus Nterminus:	MLFYS,MLPAG,MVFWG,ALVSV" (com.compomics.suppl.halflife.UniProtReader:102)
[25-Oct-2011 12:10:23 - INFO] "Non concensus Nterminus:	MFLFL,MYSRE,MACSA,MACAA" (com.compomics.suppl.halflife.UniProtReader:102)
[25-Oct-2011 12:10:25 - INFO] "Non concensus Nterminus:	ERIDG,MASGL,MKADV,PIRKA,MLQNG,RGPQA,MVCLD" (com.compomics.suppl.halflife.UniProtReader:102)
[25-Oct-2011 12:10:26 - INFO] "Non concensus Nterminus:	MRRLS,AETPR,MATAE" (com.compomics.suppl.halflife.UniProtReader:102)
[25-Oct-2011 12:10:26 - INFO] "0.35%" (com.compomics.suppl.halflife.ProteinContextRunner:66)
[25-Oct-2011 12:10:29 - INFO] "Non concensus Nterminus:	MAPKV,MAASR,MFNLR,ALCAD,VALCE" (com.compomics.suppl.halflife.UniProtReader:102)
[25-Oct-2011 12:10:31 - INFO] "Non concensus Nterminus:	RDPSQ,MNRSR,IEVWD" (com.compomics.suppl.halflife.UniProtReader:102)
[25-Oct-2011 12:10:32 - INFO] "Non concensus Nterminus:	MSYQG,MSKSA,MYSPS,MASGR" (com.compomics.suppl.halflife.UniProtReader:102)
[25-Oct-2011 12:10:34 - INFO] "0.37%" (com.compomics.suppl.halflife.ProteinContextRunner:66)
[25-Oct-2011 12:10:34 - INFO] "Non concensus Nterminus:	DEPDT,MAALL,MTTRF,LAQCQ,AVNSA,WSQLD,WTLEL,YGSLL" (com.compomics.suppl.halflife.UniProtReader:102)
[25-Oct-2011 12:10:36 - INFO] "Non concensus Nterminus:	MGDSV,MGMFN,MGCLG" (com.compomics.suppl.halflife.UniProtReader:102)
[25-Oct-2011 12:10:37 - INFO] "Non concensus Nterminus:	TGPAG,SGIAG,PGADG,GETGA,MLSFV" (com.compomics.suppl.halflife.UniProtReader:102)
[25-Oct-2011 12:10:39 - INFO] "Non concensus Nterminus:	MEDRL,MRFEE,MAEII" (com.compomics.suppl.halflife.UniProtReader:102)
[25-Oct-2011 12:10:40 - INFO] "Non concensus Nterminus:	SSAFA,AWLRA,MYKPV,SVCAP,RLRAP,AFALA,TFALA,FALAV" (com.compomics.suppl.halflife.UniProtReader:102)
[25-Oct-2011 12:10:40 - INFO] "Non concensus Nterminus:	MVARG,MKWNG,MAEAA,KQVYD" (com.compomics.suppl.halflife.UniProtReader:102)
[25-Oct-2011 12:10:41 - INFO] "0.39%" (com.compomics.suppl.halflife.ProteinContextRunner:66)
[25-Oct-2011 12:10:44 - INFO] "Non concensus Nterminus:	MNTAP,PGPES,VCGEE" (com.compomics.suppl.halflife.UniProtReader:102)
[25-Oct-2011 12:10:45 - INFO] "Non concensus Nterminus:	MSPAD,SRKMA,MDTSE,MMFSD,MWGRK,ELEEV" (com.compomics.suppl.halflife.UniProtReader:102)
[25-Oct-2011 12:10:47 - INFO] "Non concensus Nterminus:	MANAL,MAFPG,MTTLQ" (com.compomics.suppl.halflife.UniProtReader:102)
[25-Oct-2011 12:10:47 - INFO] "Non concensus Nterminus:	MGLLK,AVDWW,MAAHK,MGNTA,MNVKE,PIQIY" (com.compomics.suppl.halflife.UniProtReader:102)
[25-Oct-2011 12:10:49 - INFO] "0.41%" (com.compomics.suppl.halflife.ProteinContextRunner:66)
[25-Oct-2011 12:10:49 - INFO] "Non concensus Nterminus:	MVVLR,MFSSI,KPDQE,MSLLK,MNSSS" (com.compomics.suppl.halflife.UniProtReader:102)
[25-Oct-2011 12:10:52 - INFO] "Non concensus Nterminus:	PRVRP,MGLLQ,MDFDR,CDTVT,MEGPL" (com.compomics.suppl.halflife.UniProtReader:102)
[25-Oct-2011 12:10:52 - INFO] "Non concensus Nterminus:	MDLFG,ISVEK,MQDAH,IRASK" (com.compomics.suppl.halflife.UniProtReader:102)
[25-Oct-2011 12:10:54 - INFO] "Non concensus Nterminus:	LEIAG,MLNPA,MGVQG" (com.compomics.suppl.halflife.UniProtReader:102)
[25-Oct-2011 12:10:55 - INFO] "Non concensus Nterminus:	VKPGK,MVAGE,EGFHV,MARKA" (com.compomics.suppl.halflife.UniProtReader:102)
[25-Oct-2011 12:11:42 - INFO] "Non concensus Nterminus:	IMDSC,GRVGN,MPEEV	Q71LX8,Q80YC2,Q811H6" (com.compomics.suppl.halflife.UniProtReader:102)
[25-Oct-2011 12:11:44 - INFO] "Non concensus Nterminus:	METPS,INSTG,SVRGN,QIRRQ,METSS,MGNAE	P48678-1,P48678,B3RH23,Q3U7I5,Q3UCU3,Q8BNX5,P48678-2,B3RH24,Q3U733,P48678-3,Q9CTL2" (com.compomics.suppl.halflife.UniProtReader:102)
[25-Oct-2011 12:11:48 - INFO] "0.03%" (com.compomics.suppl.halflife.ProteinContextRunner:66)
[25-Oct-2011 12:11:51 - INFO] "Non concensus Nterminus:	MSDEA,MSDAA,TTGCS,GGCSE,TGCSE	P26350,Q0VGU2,Q3U6E4,Q3U8X6,Q3UA54,Q8C2T3,Q8CAQ5" (com.compomics.suppl.halflife.UniProtReader:102)
[25-Oct-2011 12:11:52 - INFO] "Non concensus Nterminus:	MAQQA,QRQSV,KKKQL,DQLEQ,AKRRL,TEFTT	Q8VDD5,O89055,Q3UFT0,Q7TQJ6,Q811J9,Q99JJ3" (com.compomics.suppl.halflife.UniProtReader:102)
[25-Oct-2011 12:11:56 - INFO] "0.05%" (com.compomics.suppl.halflife.ProteinContextRunner:66)
[25-Oct-2011 12:11:57 - INFO] "Non concensus Nterminus:	MEDYI,SYLHQ,DYIKI	P11440,Q8R4A4,Q99JW7" (com.compomics.suppl.halflife.UniProtReader:102)
[25-Oct-2011 12:12:01 - INFO] "Non concensus Nterminus:	KLESE,MPGGP,VEPLE,MSRDR,NLSPY	Q8VIJ6,Q3TZL2,Q7TMH7,Q810V5,Q9Z1Q0" (com.compomics.suppl.halflife.UniProtReader:102)
[25-Oct-2011 12:12:04 - INFO] "0.07%" (com.compomics.suppl.halflife.ProteinContextRunner:66)
[25-Oct-2011 12:12:05 - INFO] "Non concensus Nterminus:	RQAVI,MFSRA,MATLK	Q91VR2,Q3UD06,Q9D9D7,Q9ERA8,Q8C2Q8,Q9Z1F5,A2AKV3,A2AKV2,A2AKV1" (com.compomics.suppl.halflife.UniProtReader:102)
[25-Oct-2011 12:12:08 - INFO] "Non concensus Nterminus:	GSAGG,GNKPE,MILLE	Q9CVB6,Q3UA52,Q4FZG5" (com.compomics.suppl.halflife.UniProtReader:102)
[25-Oct-2011 12:12:12 - INFO] "0.09%" (com.compomics.suppl.halflife.ProteinContextRunner:66)
[25-Oct-2011 12:12:13 - INFO] "Non concensus Nterminus:	KPADL,YLKLS,LADCN,MALSM	Q9QYB1,Q543N5,B2KGW0,B2KGW3,Q3U8I1" (com.compomics.suppl.halflife.UniProtReader:102)
[25-Oct-2011 12:12:18 - INFO] "Non concensus Nterminus:	DDLFS,MNGSK,MPVDD,EAAKF	Q9JMH6-1,Q9JMH6,Q9JMH6-2,Q91Y95,Q91Y98" (com.compomics.suppl.halflife.UniProtReader:102)
[25-Oct-2011 12:12:19 - INFO] "0.11%" (com.compomics.suppl.halflife.ProteinContextRunner:66)
[25-Oct-2011 12:12:21 - INFO] "Non concensus Nterminus:	PHIDV,MEKEE,PRVRK,GLNLK,VPSVG,MIKIP,GDLKG,TRPVD	A0JLR7,A0PJF4,Q3UYW8,Q6UIL4,Q8BKS2,Q8BRB8,Q8CGE7,Q8VDN3" (com.compomics.suppl.halflife.UniProtReader:102)
[25-Oct-2011 12:12:22 - INFO] "Non concensus Nterminus:	AKEEH,MMDFF,MDFFN,MSDFD	P26369,Q3KQM4,Q505Q1,Q80XR5,Q922I0" (com.compomics.suppl.halflife.UniProtReader:102)
[25-Oct-2011 12:12:23 - INFO] "Non concensus Nterminus:	MAAVA,KPKSA,MELSE,EKNRE	Q8R050,Q3UL02,Q8BPH0,Q8K2E1,Q8CCV1" (com.compomics.suppl.halflife.UniProtReader:102)
[25-Oct-2011 12:12:23 - INFO] "Non concensus Nterminus:	YRVYC,NSTFS,MEGYH	P40142,O55021,Q9Z2L5" (com.compomics.suppl.halflife.UniProtReader:102)
[25-Oct-2011 12:12:24 - INFO] "Non concensus Nterminus:	MAMLA,NINMA,MAVSV	Q8CHF5,Q3U581,Q9JKP5,Q4VA08,Q8CAQ1" (com.compomics.suppl.halflife.UniProtReader:102)
[25-Oct-2011 12:12:25 - INFO] "Non concensus Nterminus:	LNLEE,TRPPG,MNKAP,MNTPS	Q3UZD9,A0PJB5,Q3UQI5,Q6EVH9,Q8BUW8" (com.compomics.suppl.halflife.UniProtReader:102)
[25-Oct-2011 12:12:25 - INFO] "Non concensus Nterminus:	VICLE,MAEEG,LLKKR	Q9D8M4,Q3U8B9,Q99L18" (com.compomics.suppl.halflife.UniProtReader:102)
[25-Oct-2011 12:12:26 - INFO] "0.13%" (com.compomics.suppl.halflife.ProteinContextRunner:66)
[25-Oct-2011 12:12:33 - INFO] "0.15%" (com.compomics.suppl.halflife.ProteinContextRunner:66)
[25-Oct-2011 12:12:34 - INFO] "Non concensus Nterminus:	MAAAA,EGEDE,MNPSS,AKETF	Q66JS6,Q2YDW1,Q3UGC7,Q66JW9,Q99JK5" (com.compomics.suppl.halflife.UniProtReader:102)
[25-Oct-2011 12:12:38 - INFO] "Non concensus Nterminus:	MSTMT,FAAHM,MVTLA,MGLIF,RMSTM	Q9R0Q3,A2RS53,Q8C1Z9,Q8BPI2,Q3THL1,Q3U9H7" (com.compomics.suppl.halflife.UniProtReader:102)
[25-Oct-2011 12:12:39 - INFO] "Non concensus Nterminus:	MRKIT,MAFMP,MPAVS	Q80UM3,Q8C5M5,Q8K2S4" (com.compomics.suppl.halflife.UniProtReader:102)
[25-Oct-2011 12:12:40 - INFO] "0.17%" (com.compomics.suppl.halflife.ProteinContextRunner:66)
[25-Oct-2011 12:12:42 - INFO] "Non concensus Nterminus:	RAQGG,ALSAA,IMVDD,MVALS,MCTQQ	A2AIM8,Q0V930,Q3TBC3,Q3UHS6,Q80TM2,Q8C9Z8" (com.compomics.suppl.halflife.UniProtReader:102)
[25-Oct-2011 12:12:43 - INFO] "Non concensus Nterminus:	IMENA,MELSP,MVQKK,MCADV,GTGWS	Q01320,Q3TTG4,Q3UUS6,Q52KI5,Q6PET9,Q8CCE5" (com.compomics.suppl.halflife.UniProtReader:102)
[25-Oct-2011 12:12:44 - INFO] "Non concensus Nterminus:	RTVEN,AANLQ,VVLAP,VSRIC,VITPL,MSEPG,GKKKQ	Q9JHU4,O08821,O70182,Q3TAZ3,Q3UA73,Q80U36,Q8C6T5,Q923F5" (com.compomics.suppl.halflife.UniProtReader:102)
[25-Oct-2011 12:12:45 - INFO] "Non concensus Nterminus:	MSDNG,DVVTE,ELKNP,EGSVK,RKAYG,NENPL	Q8CIN4,Q5DTJ2,Q811J8,Q8BGF1,Q8BVX1,Q8K0Z3" (com.compomics.suppl.halflife.UniProtReader:102)
[25-Oct-2011 12:12:45 - INFO] "Non concensus Nterminus:	FDSTH,GSRGA,DPSCP,RGPYN,SSLPA,MPSAT	Q60865,Q3TEY4,Q3TTW8,Q8CD82,A1L0T9,A2BH48,A9CYP7,Q3UFZ6" (com.compomics.suppl.halflife.UniProtReader:102)
[25-Oct-2011 12:12:48 - INFO] "0.19%" (com.compomics.suppl.halflife.ProteinContextRunner:66)
[25-Oct-2011 12:12:49 - INFO] "Non concensus Nterminus:	SPKAH,YFETA,MGAMA,TQTRA,SDAEN,PHSMR	Q3KQJ3,P01897,Q8R3Y0,Q569W0,Q31145,Q61641,P01899,O19453,Q792Z7,O78207,Q31167,Q31168,O78206" (com.compomics.suppl.halflife.UniProtReader:102)
[25-Oct-2011 12:12:49 - INFO] "Non concensus Nterminus:	IMTRA,LHYVT,LSFSE,MAALV,PTRPP	B2RQC6,B7ZN27,Q6P9L1,O88862,Q80VF8,Q9CWQ9" (com.compomics.suppl.halflife.UniProtReader:102)
[25-Oct-2011 12:12:51 - INFO] "Non concensus Nterminus:	RIATL,VSFFI,GDHPI,MGKGV,MIDPP	Q8VDN2,Q3TXF9,Q3UCH8,Q3UF49,Q8K2R2,Q8R3M4" (com.compomics.suppl.halflife.UniProtReader:102)
[25-Oct-2011 12:12:51 - INFO] "Non concensus Nterminus:	MFGFL,MCPYS,MGLVL,MLSSG	Q9QYF1,Q9R1R5,Q9R1R8,Q9R1R9" (com.compomics.suppl.halflife.UniProtReader:102)
[25-Oct-2011 12:12:55 - INFO] "Non concensus Nterminus:	MTVLL,MDLET,MSATH,MGLGH	Q921W7,Q99L61,P47226-2,P47226,Q3ULB1,P47226-1" (com.compomics.suppl.halflife.UniProtReader:102)
[25-Oct-2011 12:12:55 - INFO] "0.21%" (com.compomics.suppl.halflife.ProteinContextRunner:66)
[25-Oct-2011 12:12:58 - INFO] "Non concensus Nterminus:	MNCER,MAEGG,MLASQ,MAQPY,MEKKK	Q8BP71-1,Q8BP71,Q8BP71-2,Q8BP71-3,Q8BP71-8,Q8BP71-7,Q8BP71-5,Q9JJ43-3,Q9JJ43,Q9JJ43-1,Q9JJ43-6,Q9JJ43-4,Q9JJ43-2,Q9JJ43-5,Q8BP71-6,Q8BP71-4" (com.compomics.suppl.halflife.UniProtReader:102)
[25-Oct-2011 12:12:58 - INFO] "Non concensus Nterminus:	MGKKQ,KIEPI,ILING,MKELR,IIVPG	Q05D44,Q6A002,Q7TPC0,Q8BYX3,Q8BYY7" (com.compomics.suppl.halflife.UniProtReader:102)
[25-Oct-2011 12:12:59 - INFO] "Non concensus Nterminus:	DMEGD,MADVT,SKKDF	Q69ZZ3,Q6P4T2,Q7TMG2" (com.compomics.suppl.halflife.UniProtReader:102)
[25-Oct-2011 12:13:00 - INFO] "Non concensus Nterminus:	MMQEA,MAAGV,MEIDP	O54984,Q8C1Q1,Q8VEI6" (com.compomics.suppl.halflife.UniProtReader:102)
[25-Oct-2011 12:13:02 - INFO] "0.23%" (com.compomics.suppl.halflife.ProteinContextRunner:66)
[25-Oct-2011 12:13:05 - INFO] "Non concensus Nterminus:	SLSKR,IFLSF,RGWRA,MANQV,ADPVE,SFSKR	Q3U8W9,Q3UKV5,Q3UMT8,Q3UZI0,Q8BL32,Q8VHM5,Q99KG1,Q9CT37,A2AW41" (com.compomics.suppl.halflife.UniProtReader:102)
[25-Oct-2011 12:13:06 - INFO] "Non concensus Nterminus:	RVLLG,MGPID,MWPRV	O88696,Q3UGW4,Q8CF81" (com.compomics.suppl.halflife.UniProtReader:102)
[25-Oct-2011 12:13:07 - INFO] "Non concensus Nterminus:	GEISI,MEYEW,MVWDR	Q8BFY9-1,Q8BFY9,Q8BFY9-2,Q3TKD0,Q3TQW0" (com.compomics.suppl.halflife.UniProtReader:102)
[25-Oct-2011 12:13:08 - INFO] "Non concensus Nterminus:	GGLYG,MADGD,GLYGE	O35295,Q3UTJ8,Q8BQK8" (com.compomics.suppl.halflife.UniProtReader:102)
[25-Oct-2011 12:13:08 - INFO] "Non concensus Nterminus:	AARLQ,DKWLH,CGQAA,MTTTV,EMGFY	Q62261-1,Q62261,Q8BQ35,Q8R1C2,P70435,Q5DTR4" (com.compomics.suppl.halflife.UniProtReader:102)
[25-Oct-2011 12:13:09 - INFO] "0.25%" (com.compomics.suppl.halflife.ProteinContextRunner:66)
[25-Oct-2011 12:13:09 - INFO] "Non concensus Nterminus:	LAGTM,MGRAA,MCASR,MSWGR	O70325-1,O70325,Q3TIF2,Q5XJZ8,O70325-2,Q3TI34,Q76LV0,Q91XR9,Q8K4U7" (com.compomics.suppl.halflife.UniProtReader:102)
[25-Oct-2011 12:13:10 - INFO] "Non concensus Nterminus:	PSPPS,DDIAW,INPEN,ESKTV,MAAMY	Q8BH04,A0PJG3,Q3TDE6,Q3UGF0,Q3UQD8,Q8R3X7" (com.compomics.suppl.halflife.UniProtReader:102)
[25-Oct-2011 12:13:11 - INFO] "Non concensus Nterminus:	MPKPI,GLRRL,AILPS,ILPSC,RRRAA,AEEAK	Q3TH46,Q3TS74,Q3TS85,Q3U111,Q3UJJ8,P26043,Q05CE6,Q7TSG6,Q8C2N4" (com.compomics.suppl.halflife.UniProtReader:102)
[25-Oct-2011 12:13:12 - INFO] "Non concensus Nterminus:	MSAAF,MTRAK	Q9CZJ1,A2A783,Q9D948" (com.compomics.suppl.halflife.UniProtReader:102)
[25-Oct-2011 12:13:12 - INFO] "Non concensus Nterminus:	MSAPA,MDGSG,DGSGP,GWGLG,RVERV	Q8C0E3-1,Q8C0E3,A3KMJ7,Q497Z1,Q66JW4,Q8C0E3-2,A2A861,B7ZN75,Q7TMQ8" (com.compomics.suppl.halflife.UniProtReader:102)
[25-Oct-2011 12:13:15 - INFO] "0.27%" (com.compomics.suppl.halflife.ProteinContextRunner:66)
[25-Oct-2011 12:13:16 - INFO] "Non concensus Nterminus:	MLGVS,LLRGV,GGGRR,MAAGE	Q9D8S4,Q3T9B4,Q3TAV0,Q3UD20,Q78KL9" (com.compomics.suppl.halflife.UniProtReader:102)
[25-Oct-2011 12:13:21 - INFO] "Non concensus Nterminus:	VVFSH,MASPG,IGGGS,MALLP,AGSAR,DAYVS,AARAL,VVAAP	P47791-1,P47791,Q3TWI5,Q3TXK9,Q3U9P5,Q3U9R7,Q3UAS7,Q3UB84,Q91Z57,P47791-2" (com.compomics.suppl.halflife.UniProtReader:102)
[25-Oct-2011 12:13:22 - INFO] "0.29%" (com.compomics.suppl.halflife.ProteinContextRunner:66)
[25-Oct-2011 12:13:23 - INFO] "Non concensus Nterminus:	MAEVV,KSPGQ,MPPSH,MDPLS	A2AGT9,Q8BQW4,Q5FWK3,Q8C5A0,Q91Z04" (com.compomics.suppl.halflife.UniProtReader:102)
[25-Oct-2011 12:13:25 - INFO] "Non concensus Nterminus:	FSVGG,MAAST,MAVPW	Q8CGK3,Q56A16,Q3V2D0" (com.compomics.suppl.halflife.UniProtReader:102)
[25-Oct-2011 12:13:27 - INFO] "Non concensus Nterminus:	MVVTD,KKLVN,MSQQG	Q6NXL1,Q80V21,Q8R0M3" (com.compomics.suppl.halflife.UniProtReader:102)
[25-Oct-2011 12:13:27 - INFO] "Non concensus Nterminus:	MQMRM,MELVE,MRMEL	Q7TMF3,Q5M9K5,Q8BME2" (com.compomics.suppl.halflife.UniProtReader:102)
[25-Oct-2011 12:13:27 - INFO] "Non concensus Nterminus:	MSSFS,MLPKN,FSRAP	Q9D1P0,Q05CB9,Q7TMH5" (com.compomics.suppl.halflife.UniProtReader:102)
[25-Oct-2011 12:13:28 - INFO] "Non concensus Nterminus:	MEKAK,HASAH,AEQAA,MTLHA	Q3TH77,Q3UNM2,Q80Y35,Q91W16,Q99KG8" (com.compomics.suppl.halflife.UniProtReader:102)
[25-Oct-2011 12:13:28 - INFO] "Non concensus Nterminus:	ARGVS,MEEIY,MPVSL	P59235,Q3UJY4,Q7TT04,Q8BT98,Q921S9" (com.compomics.suppl.halflife.UniProtReader:102)
[25-Oct-2011 12:13:29 - INFO] "0.31%" (com.compomics.suppl.halflife.ProteinContextRunner:66)
[25-Oct-2011 12:13:29 - INFO] "Non concensus Nterminus:	GNTPP,LIQPP,MFYLD,MSATS,WNLKN	Q8BYK6-3,Q8BYK6,Q8BYK6-1,Q7TN20,Q8BVC6,Q8R5D2,Q8BYK6-2" (com.compomics.suppl.halflife.UniProtReader:102)
[25-Oct-2011 12:13:30 - INFO] "Non concensus Nterminus:	SDKKV,MIKFY,MAASM,GGRVG,RGRVG	Q9Z2I9,Q05BC6,Q3U6C7,Q3UCC6,Q9CTE2" (com.compomics.suppl.halflife.UniProtReader:102)
[25-Oct-2011 12:13:30 - INFO] "Non concensus Nterminus:	SLRGR,MATPS,MSMMM	Q9CQA6,Q05BF0,Q8CEX1" (com.compomics.suppl.halflife.UniProtReader:102)
[25-Oct-2011 12:13:33 - INFO] "Non concensus Nterminus:	MKSTS,EGTLV,MAADT,LGKLF,LKPEC,AMLRL	B2RWW6,Q3U3Z4,Q3UHQ5,Q640Q4,Q6NV94,Q6PGM5,Q8BTM7,Q8CHH7" (com.compomics.suppl.halflife.UniProtReader:102)
[25-Oct-2011 12:13:34 - INFO] "Non concensus Nterminus:	VTGEA,MGKSR,TRPSI,MASKN	Q8BQM4,Q3USC0,Q3TQJ6,Q80VH5,Q8K2Q1" (com.compomics.suppl.halflife.UniProtReader:102)
[25-Oct-2011 12:13:35 - INFO] "Non concensus Nterminus:	MRLLI,QGLSQ,MCSRG	Q6P5E4,B0LAE5,Q8BWM7" (com.compomics.suppl.halflife.UniProtReader:102)
[25-Oct-2011 12:13:36 - INFO] "0.33%" (com.compomics.suppl.halflife.ProteinContextRunner:66)
[25-Oct-2011 12:13:36 - INFO] "Non concensus Nterminus:	MLFYS,MLPAG,MVFWG,ALVSV	O35900,Q3U9X2,Q9ES84,O35901,Q9EP83" (com.compomics.suppl.halflife.UniProtReader:102)
[25-Oct-2011 12:13:39 - INFO] "Non concensus Nterminus:	MFLFL,MYSRE,MACSA,MACAA	Q9CRF7,Q9D104,Q3UXK5,Q8BZ07,Q9D7A6" (com.compomics.suppl.halflife.UniProtReader:102)
[25-Oct-2011 12:13:40 - INFO] "Non concensus Nterminus:	ERIDG,MASGL,MKADV,PIRKA,MLQNG,RGPQA,MVCLD	Q5DTP7,Q6PDQ2,Q8BM83,Q3U582,Q3UFM8,Q3ULG0,Q3V265,Q6IQY9,Q99JM0,Q9CTT2" (com.compomics.suppl.halflife.UniProtReader:102)
[25-Oct-2011 12:13:42 - INFO] "Non concensus Nterminus:	MRRLS,AETPR,MATAE	Q5EG47,Q3TUQ7,Q8BUX6" (com.compomics.suppl.halflife.UniProtReader:102)
[25-Oct-2011 12:13:42 - INFO] "0.35%" (com.compomics.suppl.halflife.ProteinContextRunner:66)
[25-Oct-2011 12:13:44 - INFO] "Non concensus Nterminus:	MAPKV,MAASR,MFNLR,ALCAD,VALCE	Q3UE92,Q6P1B1,Q3TL27,Q3UKF5,Q8BKH1,Q8BV43,Q8VDK8" (com.compomics.suppl.halflife.UniProtReader:102)
[25-Oct-2011 12:13:46 - INFO] "Non concensus Nterminus:	RDPSQ,MNRSR,IEVWD	Q99LL5,Q9CSK2,Q9CTC0" (com.compomics.suppl.halflife.UniProtReader:102)
[25-Oct-2011 12:13:48 - INFO] "Non concensus Nterminus:	MSYQG,MSKSA,MYSPS,MASGR	Q71H74,Q62188,Q3TAS8,Q3TT92" (com.compomics.suppl.halflife.UniProtReader:102)
[25-Oct-2011 12:13:49 - INFO] "0.37%" (com.compomics.suppl.halflife.ProteinContextRunner:66)
[25-Oct-2011 12:13:49 - INFO] "Non concensus Nterminus:	DEPDT,MAALL,MTTRF,LAQCQ,AVNSA,WSQLD,WTLEL,YGSLL	B0LAE1,B9EJ54,Q3UFI7,Q6P9L5,Q6P9Y6,Q6PDG0,Q6ZQG1,Q80VE6,Q9D6C1" (com.compomics.suppl.halflife.UniProtReader:102)
[25-Oct-2011 12:13:51 - INFO] "Non concensus Nterminus:	MGDSV,MGMFN,MGCLG	Q6R0H7-1,Q6R0H7,Q6R0H7-4,P63094-1,P63094,P63094-2,P63094-3" (com.compomics.suppl.halflife.UniProtReader:102)
[25-Oct-2011 12:13:52 - INFO] "Non concensus Nterminus:	TGPAG,SGIAG,PGADG,GETGA,MLSFV	Q01149,Q3TP88,Q3TU64,Q3TUE2,Q3TX57,Q7TN67,Q91VL4" (com.compomics.suppl.halflife.UniProtReader:102)
[25-Oct-2011 12:13:54 - INFO] "Non concensus Nterminus:	MEDRL,MRFEE,MAEII	Q8VCY6,Q3TE84,Q8R187" (com.compomics.suppl.halflife.UniProtReader:102)
[25-Oct-2011 12:13:55 - INFO] "Non concensus Nterminus:	SSAFA,AWLRA,MYKPV,SVCAP,RLRAP,AFALA,TFALA,FALAV	A2A5S3,Q3TJ07,Q3TU43,Q3TWA1,Q3TWP5,Q3U8D3,Q3UKX3,Q3UTC8,Q641P2,Q6TNG5" (com.compomics.suppl.halflife.UniProtReader:102)
[25-Oct-2011 12:13:55 - INFO] "Non concensus Nterminus:	MVARG,MKWNG,MAEAA,KQVYD	A2AL50,Q8C0I1,A2AL49,Q3TNW8,Q8BKC4" (com.compomics.suppl.halflife.UniProtReader:102)
[25-Oct-2011 12:13:55 - INFO] "0.39%" (com.compomics.suppl.halflife.ProteinContextRunner:66)
[25-Oct-2011 12:13:58 - INFO] "Non concensus Nterminus:	MNTAP,PGPES,VCGEE	Q91W39,Q8BX12,Q69ZE0" (com.compomics.suppl.halflife.UniProtReader:102)
[25-Oct-2011 12:14:00 - INFO] "Non concensus Nterminus:	MSPAD,SRKMA,MDTSE,MMFSD,MWGRK,ELEEV	B8JJ87,Q9JIX8-1,Q9JIX8,B8JJ88,Q80TU6,Q9JIX8-4,B8JJ86,Q9JIX8-2,B8JJ91,Q7TSL7,Q9JIX8-3,B8JJ93,B8JJ95" (com.compomics.suppl.halflife.UniProtReader:102)
[25-Oct-2011 12:14:02 - INFO] "Non concensus Nterminus:	MANAL,MAFPG,MTTLQ	Q4ZJB3,Q99JW4,A8CVP1,A8CVP4,Q9D7B2" (com.compomics.suppl.halflife.UniProtReader:102)
[25-Oct-2011 12:14:02 - INFO] "Non concensus Nterminus:	MGLLK,AVDWW,MAAHK,MGNTA,MNVKE,PIQIY	P68181-1,P68181,P68181-4,P68181-3,P68181-2,Q8C4J3,Q8CBP8" (com.compomics.suppl.halflife.UniProtReader:102)
[25-Oct-2011 12:14:03 - INFO] "0.41%" (com.compomics.suppl.halflife.ProteinContextRunner:66)
[25-Oct-2011 12:14:04 - INFO] "Non concensus Nterminus:	MVVLR,MFSSI,KPDQE,MSLLK,MNSSS	Q8CDM1-2,Q8CDM1,Q9CSS4,Q8CDM1-1,Q6IQY4,Q8K282" (com.compomics.suppl.halflife.UniProtReader:102)
[25-Oct-2011 12:14:06 - INFO] "Non concensus Nterminus:	PRVRP,MGLLQ,MDFDR,CDTVT,MEGPL	P02469,B9EKB0,Q0V927,Q3TNZ8,Q3UHL7,Q3UR38,Q8K271,Q9CRX6" (com.compomics.suppl.halflife.UniProtReader:102)
[25-Oct-2011 12:14:06 - INFO] "Non concensus Nterminus:	MDLFG,ISVEK,MQDAH,IRASK	Q8R0F6-1,Q8R0F6,Q9CS46,Q8R0F6-2,Q9Z0T2" (com.compomics.suppl.halflife.UniProtReader:102)
[25-Oct-2011 12:14:08 - INFO] "Non concensus Nterminus:	LEIAG,MLNPA,MGVQG	Q6A0A9,Q3V3S0,Q7TMZ0" (com.compomics.suppl.halflife.UniProtReader:102)
[25-Oct-2011 12:14:09 - INFO] "Non concensus Nterminus:	VKPGK,MVAGE,EGFHV,MARKA	Q9CZI9-1,Q9CZI9,Q9CZI9-2,Q8BVV5,Q9CS75" (com.compomics.suppl.halflife.UniProtReader:102)
[25-Oct-2011 12:14:10 - INFO] "0.43%" (com.compomics.suppl.halflife.ProteinContextRunner:66)
[25-Oct-2011 12:14:11 - INFO] "Non concensus Nterminus:	MANYI,PAARP,EVPKL,ERTEA	Q9D4V0,Q8BWV4,Q8BXQ0,Q8BZY0" (com.compomics.suppl.halflife.UniProtReader:102)
[25-Oct-2011 12:14:16 - INFO] "Non concensus Nterminus:	MQDEC,MFGKL,MDFTQ	Q6A026,Q8VDS0,Q9D337" (com.compomics.suppl.halflife.UniProtReader:102)
[25-Oct-2011 12:14:16 - INFO] "0.45%" (com.compomics.suppl.halflife.ProteinContextRunner:66)
[25-Oct-2011 12:14:18 - INFO] "Non concensus Nterminus:	GVFSF,CNKAE,KKEEL,AAVLP,KNDNF,MASEA	Q3TA10,Q3V3W1,Q80UN3,Q80WR0,Q8BRF6,Q8R2M9" (com.compomics.suppl.halflife.UniProtReader:102)
[25-Oct-2011 12:14:19 - INFO] "Non concensus Nterminus:	MKWVP,HEPPR,HEGRR	Q80ZK0,Q501J4,Q3UVS8" (com.compomics.suppl.halflife.UniProtReader:102)
[25-Oct-2011 12:14:21 - INFO] "Non concensus Nterminus:	HASAL,NSRRA,MARCE	P60487,Q5U5Y4,Q6IS27" (com.compomics.suppl.halflife.UniProtReader:102)
[25-Oct-2011 12:14:21 - INFO] "Non concensus Nterminus:	MAMTS,MAAAA,SLGLI,MGAAA	B1AZI6,Q3US09,Q3UUT9,Q3TPY8,Q3UYT9" (com.compomics.suppl.halflife.UniProtReader:102)
[25-Oct-2011 12:14:23 - INFO] "0.47%" (com.compomics.suppl.halflife.ProteinContextRunner:66)
[25-Oct-2011 12:14:24 - INFO] "Non concensus Nterminus:	AAKQG,MSNLS,HRRLR	Q9JLV5,Q6ZQ84,Q9CTE0" (com.compomics.suppl.halflife.UniProtReader:102)
[25-Oct-2011 12:14:26 - INFO] "Non concensus Nterminus:	PRVRP,MAHIT,MKPST	Q8BFV2,A0JLQ7,Q8BNM3" (com.compomics.suppl.halflife.UniProtReader:102)
[25-Oct-2011 12:14:27 - INFO] "Non concensus Nterminus:	TALSI,ILIRA,FINRW,MVGTA,AWAGM,SILIR,LIFFM,LIRAE,FGAWA,LGQPG,DIGTL,MFTNR,WAGMV,MFINR,FSTNH,GQPGA,LGDDQ,LLFGA,AMMSI	A5YMU1,A5YMZ2,A5YMZ3,A5YMZ4,A5YMZ5,A5YMZ6,A5YMZ7,A5YMZ8,A5YMZ9,A5YN00,B3IYS1,Q35042,Q3TML7,Q3TRT0,Q3UQ58,Q3UR21,Q3UTW3,Q5BP84,Q5BP85,Q5BP88,Q70YN3,Q9MD68,P00397" (com.compomics.suppl.halflife.UniProtReader:102)
[25-Oct-2011 12:14:29 - INFO] "Non concensus Nterminus:	MAETA,YSEEV,MLLSE	Q8C4J7,A0JLN6,Q8CE86" (com.compomics.suppl.halflife.UniProtReader:102)
[25-Oct-2011 12:14:30 - INFO] "Non concensus Nterminus:	MEASQ,MIEIS,MQKKG	Q8BHK9,Q8C4L5,Q99KE5" (com.compomics.suppl.halflife.UniProtReader:102)
[25-Oct-2011 12:14:30 - INFO] "0.49%" (com.compomics.suppl.halflife.ProteinContextRunner:66)
[25-Oct-2011 12:14:32 - INFO] "Non concensus Nterminus:	LVAVA,MKPLL,ATAAS,WLSTI,GLEWR,LLVAV,KPLLL,GLATV,LGKDA	Q3TCU5,Q3TED6,Q5XW47,Q5XW48,Q91WI5,Q9D679,Q9R233-1,Q9R233,Q3U7C1,Q3U9A3,Q5XW49,Q5XW51,Q5XW52,Q8C6N4,Q9R233-2,Q5XW46,Q5XW50" (com.compomics.suppl.halflife.UniProtReader:102)
[25-Oct-2011 12:14:33 - INFO] "Non concensus Nterminus:	MAAVS,MLGRR,MSVSL	Q9CXZ1,Q923F9,Q9CTT4" (com.compomics.suppl.halflife.UniProtReader:102)
[25-Oct-2011 12:14:34 - INFO] "Non concensus Nterminus:	MCPCG,MYPQG,LTREG,MIRDL,MQRHY,ARIRF,HASGD	Q08122-4,Q08122,Q3TY99,Q08122-3,Q08122-1,Q08122-2,Q80TC1,Q62441,Q3UY41,Q80TG4,Q80VE9" (com.compomics.suppl.halflife.UniProtReader:102)
[25-Oct-2011 12:14:34 - INFO] "Non concensus Nterminus:	MHDVY,MAAPC,MAFST,VQASR	Q14AZ3,Q3UMV5,Q78IX0,Q9ER89,Q5XJX8" (com.compomics.suppl.halflife.UniProtReader:102)
[25-Oct-2011 12:14:34 - INFO] "Non concensus Nterminus:	MADAF,HYIFP,TKLQS,VHYVF	Q9CZU3,Q8BTX6,Q8BVI7,Q91YT4,Q6ZQK1" (com.compomics.suppl.halflife.UniProtReader:102)
[25-Oct-2011 12:14:35 - INFO] "Non concensus Nterminus:	MFNSK,MPDLS,MAAED,IRTQI,MANYF	Q68FH4,Q3U3H5,Q3U728,Q8BMX0,Q8BUU7,B7ZCT5,Q8BWB2" (com.compomics.suppl.halflife.UniProtReader:102)
[25-Oct-2011 12:14:36 - INFO] "Non concensus Nterminus:	YDSIS,NILGH,EKKNK	Q3TSK3,Q6PG79,Q8K314" (com.compomics.suppl.halflife.UniProtReader:102)
[25-Oct-2011 12:14:38 - INFO] "0.51%" (com.compomics.suppl.halflife.ProteinContextRunner:66)
[25-Oct-2011 12:14:45 - INFO] "0.53%" (com.compomics.suppl.halflife.ProteinContextRunner:66)
[25-Oct-2011 12:14:48 - INFO] "Non concensus Nterminus:	RVLLL,MVTVP,MSVRP,MDPEE	Q3UHQ6-1,Q3UHQ6,Q6PGE1,Q9CSS2,Q3UHQ6-2" (com.compomics.suppl.halflife.UniProtReader:102)
[25-Oct-2011 12:14:51 - INFO] "Non concensus Nterminus:	MTAHL,GFFFS,MPAHM,MCFIL,MPGHL,MPAHI	P13011,Q8BH96,Q3UWK5,Q99PL7,Q9D550,P13516,Q3UXG5,Q547C4,B9EIY5,Q6T707,Q8BNZ5" (com.compomics.suppl.halflife.UniProtReader:102)
[25-Oct-2011 12:14:52 - INFO] "0.55%" (com.compomics.suppl.halflife.ProteinContextRunner:66)
[25-Oct-2011 12:14:52 - INFO] "Non concensus Nterminus:	DRCQY,ERWKC,MLTPP,QPEVT	Q91ZX7,Q3U454,Q811K6,Q8C4T5" (com.compomics.suppl.halflife.UniProtReader:102)
[25-Oct-2011 12:14:56 - INFO] "Non concensus Nterminus:	MDELS,MSTTE,MAFAS,MGQFL,MSQPG	P51125-1,P51125,P51125-2,P51125-3,P51125-6,Q8CE04,P51125-7,Q8C281,Q8CB83,Q8CE80,Q921U7,P51125-4,Q8BS37,P51125-5,Q3TTN2" (com.compomics.suppl.halflife.UniProtReader:102)
[25-Oct-2011 12:14:56 - INFO] "Non concensus Nterminus:	MDGGD,MDGED,MVRGL	Q91WE2,Q05CB0,Q3U9X3" (com.compomics.suppl.halflife.UniProtReader:102)
[25-Oct-2011 12:14:57 - INFO] "Non concensus Nterminus:	MLLRA,LVQDG,MDVQA,MVGSV	Q9Z1J3-1,Q9Z1J3,Q8C6I5,Q921V3,Q9CTB2,Q9Z1J3-2" (com.compomics.suppl.halflife.UniProtReader:102)
[25-Oct-2011 12:14:59 - INFO] "Non concensus Nterminus:	MEQDP,MPLAQ,YMAPE,ARGSG,MQTPA	Q3TIM6,Q3UFZ5,Q505N6,Q810V8,Q9Z278,P18653,A3KGL7,A3KGL5,A3KGL6" (com.compomics.suppl.halflife.UniProtReader:102)
[25-Oct-2011 12:14:59 - INFO] "Non concensus Nterminus:	DPAVA,TCFNV,MFLIS,MKRAA,GKKGT	Q3TPQ9,Q5DTH1,Q8BNS1,Q8CE29,O08759" (com.compomics.suppl.halflife.UniProtReader:102)
[25-Oct-2011 12:14:59 - INFO] "Non concensus Nterminus:	LLKDS,SPMMS,GQGLH	Q3UQJ7,Q3UX52,Q8CHD7" (com.compomics.suppl.halflife.UniProtReader:102)
[25-Oct-2011 12:15:00 - INFO] "Non concensus Nterminus:	TQPQA,MSCSR,MALFH	Q6P9R1,Q6IS54,Q9D6S8" (com.compomics.suppl.halflife.UniProtReader:102)
[25-Oct-2011 12:15:00 - INFO] "0.57%" (com.compomics.suppl.halflife.ProteinContextRunner:66)
[25-Oct-2011 12:15:00 - INFO] "Non concensus Nterminus:	MNVNQ,DQIGD,PQPNY,DDRKL	Q3V222,Q8CGF4,Q80U83,Q8R2V9" (com.compomics.suppl.halflife.UniProtReader:102)
[25-Oct-2011 12:15:00 - INFO] "Non concensus Nterminus:	LKLMH,MAAAA,SLSID,VSVTI,QVSAP,RQGSL	O88738,Q3UYZ6,Q69ZM5,Q8BNX0,Q8BR72,Q8BRV7,Q8C737,Q8CBU9" (com.compomics.suppl.halflife.UniProtReader:102)
[25-Oct-2011 12:15:01 - INFO] "Non concensus Nterminus:	PRVRP,TSGTS,KSEQE,RRTDG	Q6ZPE9,Q7TML8,Q810T0,Q9CSS1" (com.compomics.suppl.halflife.UniProtReader:102)
[25-Oct-2011 12:15:02 - INFO] "Non concensus Nterminus:	MLLPR,MPLLH,EATAA	O88379,Q6P1D9,Q8C8D1" (com.compomics.suppl.halflife.UniProtReader:102)
[25-Oct-2011 12:15:03 - INFO] "Non concensus Nterminus:	MAAPE,MASAK,MPSCG,EHYLK,ENGGW	Q9D9Z1,A3KGG5,A3KGG8,A3KGG7,A3KGG6,Q9CYZ4" (com.compomics.suppl.halflife.UniProtReader:102)
[25-Oct-2011 12:15:04 - INFO] "Non concensus Nterminus:	MALEQ,MTLCG,WYSIL	Q91ZF0-1,Q91ZF0,Q91ZF0-2,A2A4A1,A2A4A2" (com.compomics.suppl.halflife.UniProtReader:102)
[25-Oct-2011 12:15:04 - INFO] "Non concensus Nterminus:	MELED,MNPGC,MARVL,MIHNY,QGETK	Q58A65-2,Q58A65,Q58A65-1,B8X349,Q5NC73,Q58A65-5,Q58A65-6,Q58A65-4,Q6PA03,Q8C7W0,Q58A65-3" (com.compomics.suppl.halflife.UniProtReader:102)
[25-Oct-2011 12:15:05 - INFO] "Non concensus Nterminus:	IEAAA,LLASW,MKHTG,QTYAS,MLLAA	B2KGW9,Q8CFX1,A2A7A7,A2A7A9,Q3TFM8,Q8BMC8,Q8QZU3" (com.compomics.suppl.halflife.UniProtReader:102)
[25-Oct-2011 12:15:06 - INFO] "Non concensus Nterminus:	DYRQL,ELEKF,KKSEE,LDSTL,KMRNL,MLSRL	B2RWW2,Q3UYL3,Q571K1,Q6PAK0,Q80UY9,Q8CGE5" (com.compomics.suppl.halflife.UniProtReader:102)
[25-Oct-2011 12:15:07 - INFO] "0.59%" (com.compomics.suppl.halflife.ProteinContextRunner:66)
[25-Oct-2011 12:15:08 - INFO] "Non concensus Nterminus:	MEAAV,MPRKK,DIREV,HFERD	P36916-1,P36916,A2VDH5,Q52KE3,P36916-2" (com.compomics.suppl.halflife.UniProtReader:102)
[25-Oct-2011 12:15:10 - INFO] "Non concensus Nterminus:	MMNED,MAHAA,MATML,MTTML	Q8C8R3-7,Q8C8R3,Q8C8R3-6,Q8C8R3-8" (com.compomics.suppl.halflife.UniProtReader:102)
[25-Oct-2011 12:15:10 - INFO] "Non concensus Nterminus:	AQAEG,MAQAE,MLQAE	Q9CQ56-1,Q9CQ56,Q05CJ0,Q5I940,Q9CQ56-2" (com.compomics.suppl.halflife.UniProtReader:102)
[25-Oct-2011 12:15:11 - INFO] "Non concensus Nterminus:	PFRRV,AGDPS,MLRMR,YCRSK	O88185,O88274,Q2TJI5,Q2TJI6,Q3TVS7,Q3USI1,Q8CA35,A2RS43,Q2TJI4" (com.compomics.suppl.halflife.UniProtReader:102)
[25-Oct-2011 12:15:12 - INFO] "Non concensus Nterminus:	MNLEG,MAAAV,ATLDI	Q3TS42,Q3UVH9,Q8R2U2" (com.compomics.suppl.halflife.UniProtReader:102)
[25-Oct-2011 12:15:12 - INFO] "Non concensus Nterminus:	MENHE,MANRE,DNQSR	A2ADW8,A2BI72,Q62015" (com.compomics.suppl.halflife.UniProtReader:102)
[25-Oct-2011 12:15:14 - INFO] "0.61%" (com.compomics.suppl.halflife.ProteinContextRunner:66)
[25-Oct-2011 12:15:16 - INFO] "Non concensus Nterminus:	VAYGL,GRVGE,MEAML,ELSEI,MVDKN	A0JLN9,Q3UPP2,Q6A099,Q6DFZ1,Q6PB54,Q8BYH5,Q8R0M4" (com.compomics.suppl.halflife.UniProtReader:102)
[25-Oct-2011 12:15:30 - INFO] "Non concensus Nterminus:	MAGKK,VGKRA,RWGKR	Q9CVF5,Q9CVI1,Q9JI75" (com.compomics.suppl.halflife.UniProtReader:102)
[25-Oct-2011 12:15:43 - INFO] "Non concensus Nterminus:	YKHVL,MFFLF,TRPEV,VMLKN,KLHEL,STLER	C4IXU2,Q80VF7,Q8BM51,Q8K2R0,Q8R2X2,Q99KU3" (com.compomics.suppl.halflife.UniProtReader:102)
[25-Oct-2011 12:15:44 - INFO] "Non concensus Nterminus:	MPTQR,ERWGS,MSHTV,AWWEE	Q62074,Q3UGW9,Q3UMD5,Q5DTK3,Q3TJJ5" (com.compomics.suppl.halflife.UniProtReader:102)
[25-Oct-2011 12:15:51 - INFO] "0.63%" (com.compomics.suppl.halflife.ProteinContextRunner:66)
[25-Oct-2011 12:15:55 - INFO] "Non concensus Nterminus:	MEILL,MEPLS,MEEEE,MAAGG	Q5SSL4-4,Q5SSL4,Q5SSL4-2,Q5SSL4-1,Q5SSL4-3" (com.compomics.suppl.halflife.UniProtReader:102)
[25-Oct-2011 12:15:58 - INFO] "Non concensus Nterminus:	MSDRS,GPTAK,EFPTL	Q7TSC1,Q5DTJ4,Q9CRP0,Q9CRP1,Q9CRU5" (com.compomics.suppl.halflife.UniProtReader:102)
[25-Oct-2011 12:16:06 - INFO] "Non concensus Nterminus:	MQSLE,VYGQP,MRPEP,GGYIG,MGFII,IGAFG	P97363,Q3UT78,Q3UZQ0,Q542D6,Q6A053,Q8BNV0,Q8C9F8" (com.compomics.suppl.halflife.UniProtReader:102)
[25-Oct-2011 12:16:09 - INFO] "Non concensus Nterminus:	DQVSH,MTSSV,MRPLS,MAEGD,MLQAT	Q6PA06-1,Q6PA06,Q6PA06-2,Q3TSG2,Q8C081,Q9WUG4" (com.compomics.suppl.halflife.UniProtReader:102)
[25-Oct-2011 12:16:10 - INFO] "0.65%" (com.compomics.suppl.halflife.ProteinContextRunner:66)
[25-Oct-2011 12:16:11 - INFO] "Non concensus Nterminus:	MCGDY,ETPEQ,MFIVH	Q3TTA2,Q3V090,Q91YX7" (com.compomics.suppl.halflife.UniProtReader:102)
[25-Oct-2011 12:16:12 - INFO] "Non concensus Nterminus:	RGNPS,GKWAE,KSYSL,MAPQK	Q80U70,Q3URR6,Q3UX45,Q5XG68" (com.compomics.suppl.halflife.UniProtReader:102)
[25-Oct-2011 12:16:14 - INFO] "Non concensus Nterminus:	MSAKM,STLPV,EEVDE,EFSFT	Q80V25,Q8R5E6,Q69Z54,Q8C4W4" (com.compomics.suppl.halflife.UniProtReader:102)
[25-Oct-2011 12:16:20 - INFO] "Non concensus Nterminus:	MEWNG,MVMII,MGLLL,MTKQY,MAVRL,MRLQN,MPNAL,MEQII,METQL	B1AXZ5,B1AXZ4,B1AXZ6,Q80Y51,Q60899,Q564D8,Q91XI9,Q3UR02,Q91XI8,Q80UJ0,B1AXZ0,Q61701-1,Q61701,Q80XH9,A2A9S0,Q9CXQ0,Q8BVA9,A2A9R6,A2A9R8,A2A9S2,Q1KS26,Q1W5D4,Q61701-2,A2A9S3" (com.compomics.suppl.halflife.UniProtReader:102)
[25-Oct-2011 12:16:20 - INFO] "Non concensus Nterminus:	MERVL,LLVHA,LLVRA,TAPPP,DNSLR	P10810,Q3TE16,Q3U6A3,Q3UB18,Q3UE54,Q4FJP7,Q91V69,Q91VC2,Q91VD3,Q920X7,Q920X8,Q920X9" (com.compomics.suppl.halflife.UniProtReader:102)
[25-Oct-2011 12:16:22 - INFO] "Non concensus Nterminus:	MTGGG,ITQPE,RIPAI,LAGEN,EVTDL	P02468,Q3TRH4,Q3UFZ9,Q3UNG0,Q3URV4,Q6PHM1" (com.compomics.suppl.halflife.UniProtReader:102)
[25-Oct-2011 12:16:23 - INFO] "Non concensus Nterminus:	MRSAG,PMRSA,EVIRP,PRRSP,KEDRS,PRWRR,RRSPR	A0PJG5,Q0VBL3,Q3THK4,Q3TLX0,Q571M7,Q66JP8,Q6PGG1,Q7TT82" (com.compomics.suppl.halflife.UniProtReader:102)
[25-Oct-2011 12:16:24 - INFO] "Non concensus Nterminus:	YRLCQ,GLVRI,MAENH	Q8VC57,Q6ZQH5,Q9CSZ1" (com.compomics.suppl.halflife.UniProtReader:102)
[25-Oct-2011 12:16:25 - INFO] "0.67%" (com.compomics.suppl.halflife.ProteinContextRunner:66)
[25-Oct-2011 12:16:27 - INFO] "Non concensus Nterminus:	MGKRL,MESTE,MAPPS,MEGGR,MGKVW,GGRGG,VAVET	Q91W59-3,Q91W59,Q3TTX8,Q91W59-1,Q91W59-2,Q3TTE1,Q3TW38,Q3UKR8,Q3V0L4,Q3TPK8,Q8BWL5-5,Q8BWL5,Q8BWL5-1,Q8BWL5-2,Q8BWL5-3,Q8BWL5-6,Q8BWL5-4,Q8BKJ2" (com.compomics.suppl.halflife.UniProtReader:102)
[25-Oct-2011 12:16:28 - INFO] "Non concensus Nterminus:	PESYH,MKLII,RDHPE,AAKYI	O88958,Q3TKA0,Q6A0D9,Q8BK00,Q91WJ4" (com.compomics.suppl.halflife.UniProtReader:102)
[25-Oct-2011 12:16:29 - INFO] "Non concensus Nterminus:	ASKQW,MHWGL,SAARD	Q8BIJ6,Q810V2,Q8R2M5" (com.compomics.suppl.halflife.UniProtReader:102)
[25-Oct-2011 12:16:31 - INFO] "Non concensus Nterminus:	KRELM,MLDVA,MDSFS	Q6PB36,Q8C1G1,Q8K292" (com.compomics.suppl.halflife.UniProtReader:102)
[25-Oct-2011 12:16:31 - INFO] "Non concensus Nterminus:	YKIPV,AACAV,MAVSR	A0ZVB6,Q52KH4,Q8BTS9" (com.compomics.suppl.halflife.UniProtReader:102)
[25-Oct-2011 12:16:32 - INFO] "0.69%" (com.compomics.suppl.halflife.ProteinContextRunner:66)
[25-Oct-2011 12:16:32 - INFO] "Non concensus Nterminus:	DDSDI,MAMGS,EQEDT,KAVAS,LRSKA,SDDSD	P97801,Q3UMN7,Q549F9,Q5PXT3,Q8CH69,Q9JIC6,Q9JIC8,B8JJX7,Q6LC26" (com.compomics.suppl.halflife.UniProtReader:102)
[25-Oct-2011 12:16:33 - INFO] "Non concensus Nterminus:	MSALA,GRSPR,MQSSG,MAALQ,MSETS,MPQAQ	Q9ET54-1,Q9ET54,Q9ET54-6,Q9ET54-4,Q9ET53,Q9ET54-5,Q8C306,Q9ET54-3,Q9ET54-2" (com.compomics.suppl.halflife.UniProtReader:102)
[25-Oct-2011 12:16:33 - INFO] "Non concensus Nterminus:	MTVES,MKAEV,MGKKS	Q91WC0-1,Q91WC0,B1APZ5,Q91WC0-2,Q91WC0-3" (com.compomics.suppl.halflife.UniProtReader:102)
[25-Oct-2011 12:16:35 - INFO] "Non concensus Nterminus:	MRGRL,MVKKR,KTSEV,EKEPP,MKKQA	A2AQ19,Q05CN8,Q08EC5,Q3UXG8,Q80ZR5,Q9CTY6" (com.compomics.suppl.halflife.UniProtReader:102)
[25-Oct-2011 12:16:35 - INFO] "Non concensus Nterminus:	MRHTA,TAAMP,MPGGL	Q6A0D0,Q6GT24,Q8BPD3" (com.compomics.suppl.halflife.UniProtReader:102)
[25-Oct-2011 12:16:38 - INFO] "Non concensus Nterminus:	TENLV,MLLEE,SDGES,SGSSR,MDIVS,MTAEP,REQEW	Q61687,A2ADH4,A6PWK6,Q3TP53,Q3TSV4,Q3UU22,Q3UZ76,Q8BSH0,Q8C4Z6" (com.compomics.suppl.halflife.UniProtReader:102)
[25-Oct-2011 12:16:39 - INFO] "0.71%" (com.compomics.suppl.halflife.ProteinContextRunner:66)
[25-Oct-2011 12:16:39 - INFO] "Non concensus Nterminus:	MRLKL,MAAPA,MPEIR	B9EJR8,B2RY24,Q7TPU1" (com.compomics.suppl.halflife.UniProtReader:102)
[25-Oct-2011 12:16:40 - INFO] "Non concensus Nterminus:	HQATG,GARAP,MAVTV,EPAPP	Q3UZK0,Q6A0A4,Q91YX5,Q8R1E1" (com.compomics.suppl.halflife.UniProtReader:102)
[25-Oct-2011 12:16:43 - INFO] "Non concensus Nterminus:	GRVGD,LKRLN,HRGQL,MAKRG,LDTAV,AIQVF	A2ABW7,Q61001,Q3TZ05,Q6ZQA1,Q712T9,Q80VE8,Q8R3Y7" (com.compomics.suppl.halflife.UniProtReader:102)
[25-Oct-2011 12:16:44 - INFO] "Non concensus Nterminus:	MPGGP,MYGKG,MFAKG,MYGKA	Q9D032-1,Q9D032,B1AS35,Q8BMY2,B1AS37,Q3U4B1,Q99LZ8,Q9D032-2,B1AS36,Q9CYZ8-1,Q9CYZ8,Q540I3,Q9CYZ8-2,B1AS34,Q8BPZ5" (com.compomics.suppl.halflife.UniProtReader:102)
[25-Oct-2011 12:16:45 - INFO] "Non concensus Nterminus:	AYPVP,DANLV,MAAAG	Q91X20,Q3UJ62,Q3UJY9,Q3UKZ9" (com.compomics.suppl.halflife.UniProtReader:102)
[25-Oct-2011 12:16:46 - INFO] "0.73%" (com.compomics.suppl.halflife.ProteinContextRunner:66)
[25-Oct-2011 12:16:47 - INFO] "Non concensus Nterminus:	EHFQH,ILLNC,KKILS,MFQLP,MGLPP,DGSKY	Q9Z103,A2BDX0,Q3UYC8,Q5BL11,Q5RKY4,Q6ZQ47,Q8BNY2" (com.compomics.suppl.halflife.UniProtReader:102)
[25-Oct-2011 12:16:47 - INFO] "Non concensus Nterminus:	AKIFQ,MEDPG,EPVME,DRIRE	O89064,Q6A0A1,Q80X98,Q8R1J6" (com.compomics.suppl.halflife.UniProtReader:102)
[25-Oct-2011 12:16:49 - INFO] "Non concensus Nterminus:	PRVRE,GFLRL,HASAH,EEGVR,TCSKY,MVEEG	Q08EC1,Q3MIA1,Q3THS2,Q3TI30,Q3TQZ0,Q3U821,Q6IS38,Q7TMM0,Q9CRF5" (com.compomics.suppl.halflife.UniProtReader:102)
[25-Oct-2011 12:16:51 - INFO] "Non concensus Nterminus:	MTSIH,MLEKA,VIIRE	Q80TP3,Q3TSI5,Q8BJK5" (com.compomics.suppl.halflife.UniProtReader:102)
[25-Oct-2011 12:16:51 - INFO] "Non concensus Nterminus:	ATVSY,MATFP,MGCAR,QGPTS	Q8C522,Q3UQH3,Q69ZY2,Q9CV07" (com.compomics.suppl.halflife.UniProtReader:102)
[25-Oct-2011 12:16:53 - INFO] "0.75%" (com.compomics.suppl.halflife.ProteinContextRunner:66)
[25-Oct-2011 12:16:54 - INFO] "Non concensus Nterminus:	RNKAI,VLASP,VGQEQ,FKSIE,MYSGA	A1A563,Q6P239,Q6PHA2,Q8R3Q7,Q8CJG0,Q8CGT9" (com.compomics.suppl.halflife.UniProtReader:102)
[25-Oct-2011 12:16:55 - INFO] "Non concensus Nterminus:	MRGLP,MAAAA,CDPLA,RISER	Q9Z148-3,Q9Z148,A2CG74,Q9Z148-2,A2CG73,Q8BP38,A2CG77,Q9Z148-1,A2CG76,Q3U4G9" (com.compomics.suppl.halflife.UniProtReader:102)
[25-Oct-2011 12:16:56 - INFO] "Non concensus Nterminus:	GILLV,MMSGL,MESPA	P11370,Q6LDV7,Q3U4K5" (com.compomics.suppl.halflife.UniProtReader:102)
[25-Oct-2011 12:16:56 - INFO] "Non concensus Nterminus:	MSRLG,MSQFP,MATSH,MPPSS,MEDLD,MSPCS	Q62219-1,Q62219,Q62219-3,Q62219-2,Q62219-4,Q62219-5,Q62219-9,Q62219-6,Q62219-8,Q62219-10,Q62219-7" (com.compomics.suppl.halflife.UniProtReader:102)
[25-Oct-2011 12:16:58 - INFO] "Non concensus Nterminus:	MASNS,HASAH,MEPSS,PSSWS,MGDPR,MERMS,LQVCS,KKGGL,IASNS	Q3USK5,P30051,Q6PAQ8,Q80W05,Q3UFP5,B8JJC9,Q9Z0P8,Q8VCA7,P48301,Q3UMJ5,Q3UPV9,Q3V262,P70210,B8JJC8,Q8R2N6,Q9ERV9" (com.compomics.suppl.halflife.UniProtReader:102)
[25-Oct-2011 12:17:01 - INFO] "Non concensus Nterminus:	EVLPV,TRPFT,KEPAP,MYPPP	A2AJ15,Q8BTW7,Q8R3F8,Q923C1" (com.compomics.suppl.halflife.UniProtReader:102)
[25-Oct-2011 12:17:01 - INFO] "Non concensus Nterminus:	EIEPY,FSKLT,SNRSQ,MPKSG,LISLG	Q05CM6,Q3UYP1,Q6P211,Q80TP9,Q80UL6,Q8BR16,Q8CBV4" (com.compomics.suppl.halflife.UniProtReader:102)
[25-Oct-2011 12:17:01 - INFO] "Non concensus Nterminus:	MLGED,MKDEP,ELDAP,MRFGG,RLRMA	Q3UUI2,Q6GQW1,O54716,Q3UHY0,Q5BKS1,Q7TNP8" (com.compomics.suppl.halflife.UniProtReader:102)
[25-Oct-2011 12:17:02 - INFO] "0.77%" (com.compomics.suppl.halflife.ProteinContextRunner:66)
[25-Oct-2011 12:17:03 - INFO] "Non concensus Nterminus:	MVESI,MALLL,MASIV,IEGEW	A2A8Z1-1,A2A8Z1,A2A8Z1-2,Q8R0G3,Q5FWX7,Q8VDM5,Q99LZ2" (com.compomics.suppl.halflife.UniProtReader:102)
[25-Oct-2011 12:17:04 - INFO] "Non concensus Nterminus:	MLPSI,KTFYL,FQVSL,MADEG	Q3TCH7,Q3UD60,Q8R1T2,Q9CTG1,Q9CW15" (com.compomics.suppl.halflife.UniProtReader:102)
[25-Oct-2011 12:17:04 - INFO] "Non concensus Nterminus:	MATEI,QNPAR,MEQEQ,NKVPI	Q8C4Z4,Q8C7C6,Q8CD02,Q8K4P0,Q8VE87" (com.compomics.suppl.halflife.UniProtReader:102)
[25-Oct-2011 12:17:04 - INFO] "Non concensus Nterminus:	TPVLV,DNTPL,MIAAE,AKVNC,NQNFD,HIHIV,TPLVW	Q80TG7,B2RXL7,Q3U9G3,Q52KP9,Q80SX9,Q8K0P2,Q3V2X2" (com.compomics.suppl.halflife.UniProtReader:102)
[25-Oct-2011 12:17:08 - INFO] "Non concensus Nterminus:	QLARH,EEHIK,AVNCN,FDNKT,MLKPG,MKWQK,MSDKM	Q9Z329-3,Q9Z329,B2KF91,Q9Z329-1,B2KF90,Q8C0J8,Q9Z329-2,B2KFC2,O54911,Q3UWL5,Q497U9,Q8BNX2,Q8CED6" (com.compomics.suppl.halflife.UniProtReader:102)
[25-Oct-2011 12:17:08 - INFO] "Non concensus Nterminus:	MNRAK,FFLRL,MTERA	Q6P4S8,Q0KK53,Q3U1N8" (com.compomics.suppl.halflife.UniProtReader:102)
[25-Oct-2011 12:17:09 - INFO] "Non concensus Nterminus:	HASAF,MNEMS,YFIVL	P70227,Q0IJ80,Q922U9" (com.compomics.suppl.halflife.UniProtReader:102)
[25-Oct-2011 12:17:09 - INFO] "Non concensus Nterminus:	ALHSI,MTEIP,MLAFM,GEVLK	P49769-1,P49769,Q3TDW2,Q3UYK2,Q61144-1,Q61144,Q3U4P5,Q5EM20" (com.compomics.suppl.halflife.UniProtReader:102)
[25-Oct-2011 12:17:10 - INFO] "Non concensus Nterminus:	MADPV,PFSVK,QSRSR,MHPQS,FNRLA,MDIST	A2A483,Q3V1I9,A2A484,Q80Y82,Q8CHB3,A2A482,Q3U1M7,Q3UH28,Q3V437,Q80XT8,A2A485" (com.compomics.suppl.halflife.UniProtReader:102)
[25-Oct-2011 12:17:10 - INFO] "Non concensus Nterminus:	AGAGA,MPAAR,MMERP,MERPP	Q61581,A0A5E1,Q3UFA6,Q811C8,Q3U131" (com.compomics.suppl.halflife.UniProtReader:102)
[25-Oct-2011 12:17:10 - INFO] "Non concensus Nterminus:	MRLRG,MIFPE,MTLTL,MAKAL	Q3TFD2-1,Q3TFD2,Q8BJT4,Q3TFD2-2,Q3TFD2-3" (com.compomics.suppl.halflife.UniProtReader:102)
[25-Oct-2011 12:17:11 - INFO] "0.79%" (com.compomics.suppl.halflife.ProteinContextRunner:66)
[25-Oct-2011 12:17:13 - INFO] "Non concensus Nterminus:	MRCPK,MNGAL,MVSLI,MFERT,SNGTA	Q9Z0H4-6,Q9Z0H4,Q9Z0H4-2,Q9Z0H4-9,Q9Z0H4-8,Q9Z0H4-1,Q9Z0H4-4,Q9Z0H4-5,Q9Z0H4-7,Q9Z0H4-11,A3KGT2,A3KGT0" (com.compomics.suppl.halflife.UniProtReader:102)
[25-Oct-2011 12:17:14 - INFO] "Non concensus Nterminus:	MDAFE,ETSSG,MNKTT,MLQTA	Q8C167-1,Q8C167,Q8BKS6,Q8C167-2,A1L337,Q8C167-3" (com.compomics.suppl.halflife.UniProtReader:102)
[25-Oct-2011 12:17:14 - INFO] "Non concensus Nterminus:	MFCQV,MAAVV,DTRLC,MRRVQ	Q8R1Z9-1,Q8R1Z9,Q3TXY7,Q8R1Z9-3,Q8R1Z9-2" (com.compomics.suppl.halflife.UniProtReader:102)
[25-Oct-2011 12:17:16 - INFO] "Non concensus Nterminus:	MFKFL,MPLAQ,MDEPM,NNAAG	P18654,A7E215,B1AXN9,B1AXP0" (com.compomics.suppl.halflife.UniProtReader:102)
[25-Oct-2011 12:17:17 - INFO] "Non concensus Nterminus:	MKKAN,MTISE,MDNLD,EKVIL	Q2KN98,Q8C714,Q6GQV8,Q8C9Q9,Q8CI53" (com.compomics.suppl.halflife.UniProtReader:102)
[25-Oct-2011 12:17:17 - INFO] "Non concensus Nterminus:	CKAGK,NTFFI,MTAII	O08586,Q3UUT8,Q8BSR7" (com.compomics.suppl.halflife.UniProtReader:102)
[25-Oct-2011 12:17:18 - INFO] "Non concensus Nterminus:	GRVGF,MQPPP,SRPTS,DHRTV,NFSGA	A2AIX1,Q811L5,Q8K000,Q3TRA8,Q80U43,Q8R336" (com.compomics.suppl.halflife.UniProtReader:102)
[25-Oct-2011 12:17:19 - INFO] "Non concensus Nterminus:	FKEES,KYRLL,MHPVN,NSSFS	Q6NWV4,Q7TS87,Q80TX5,Q8BPY4,Q8C777" (com.compomics.suppl.halflife.UniProtReader:102)
[25-Oct-2011 12:17:20 - INFO] "Non concensus Nterminus:	DELIT,MAEVE,MAVGS,VQEQE,HASGQ	Q3TLV7,Q3U6C0,Q8BSZ1,Q8C8L6,Q8CIE4,Q8R133,Q8R1U9" (com.compomics.suppl.halflife.UniProtReader:102)
[25-Oct-2011 12:17:20 - INFO] "Non concensus Nterminus:	MSKSK,MSDSK,RPFQN,MSLHF	Q9WTU6-1,Q9WTU6,Q5NCK7,Q9WTU6-4,Q5NCK8,Q9WTU6-2,Q8C094,Q9WTU6-3,Q61831-1,Q61831,Q61831-2,Q8C9D4,Q80W80,Q80W81,Q78GB8,Q3TQZ7,Q80W82" (com.compomics.suppl.halflife.UniProtReader:102)
[25-Oct-2011 12:17:21 - INFO] "0.81%" (com.compomics.suppl.halflife.ProteinContextRunner:66)
[25-Oct-2011 12:17:24 - INFO] "Non concensus Nterminus:	VCNMG,MSVQV,LVKPH,GMGEG,GTRGV,MLSSK	Q68FL4-1,Q68FL4,A0PJF2,Q3TMT7,Q68FL4-2,Q3TSQ0,Q80TQ9,Q80WX1" (com.compomics.suppl.halflife.UniProtReader:102)
[25-Oct-2011 12:17:27 - INFO] "Non concensus Nterminus:	MERAS,MLCVA,MAANV,DYEEV,MSTTS,MSSSG,MSSSE	P53564-3,P53564,P53564-1,P53564-2,Q3V2M8,Q5BL05,P53564-4,P70381,Q3UMF6,Q6AXG1,Q9CVV0,Q9JJB6" (com.compomics.suppl.halflife.UniProtReader:102)
[25-Oct-2011 12:17:29 - INFO] "0.83%" (com.compomics.suppl.halflife.ProteinContextRunner:66)
[25-Oct-2011 12:17:29 - INFO] "Non concensus Nterminus:	MDLRV,MANDG,MHSPG,APGSE	Q8C2B3-3,Q8C2B3,Q8C2B3-2,Q8C2B3-1,Q8C2B3-5,Q1EDY4,Q1EDY5,Q6KAT4,Q8C2B3-4,Q8C2B3-6,Q3UJT5" (com.compomics.suppl.halflife.UniProtReader:102)
[25-Oct-2011 12:17:30 - INFO] "Non concensus Nterminus:	MRRRS,MALHN,GGSAL,ERGCG	Q3UM52,Q6PB93-1,Q6PB93,Q3UA32,Q6PB93-2" (com.compomics.suppl.halflife.UniProtReader:102)
[25-Oct-2011 12:17:30 - INFO] "Non concensus Nterminus:	IGMPP,MDVSG,MKTLL,MDVWG,RRRRR,PTRPP	Q924H2,Q3TE00,Q6KAM1,Q7TQE1,Q80UN2,A0JLM5,Q3TLG6" (com.compomics.suppl.halflife.UniProtReader:102)
[25-Oct-2011 12:17:33 - INFO] "Non concensus Nterminus:	NARGT,NSEEY,MSEVK,PAWER,TLAWS,MTTQA,AYQKA,KVGLK	A2ASS6-1,A2ASS6,Q62319,Q8BM32,Q8BUJ0,Q8BUX4,Q8C139,Q9CTL3,Q812E1,A2ASS6-2" (com.compomics.suppl.halflife.UniProtReader:102)
[25-Oct-2011 12:17:33 - INFO] "Non concensus Nterminus:	PDPPQ,MFSLK,MAGYQ	Q7TPM9,Q8CEB8,Q8R3K8" (com.compomics.suppl.halflife.UniProtReader:102)
[25-Oct-2011 12:17:35 - INFO] "Non concensus Nterminus:	DFRSW,LIRQQ,IFARR,QRLTA,RHCRR,RFEGP,HASDP,GRVGA,MSEQT	A5HLW0,A5HLW1,B2RX07,Q3TT32,Q3TTQ0,Q69ZY3,Q6PCW0,Q8K0S1,Q8R2P5,Q99KH9" (com.compomics.suppl.halflife.UniProtReader:102)
[25-Oct-2011 12:17:37 - INFO] "Non concensus Nterminus:	PVQLN,MVALS,MDLKI,CSLRE,MKMVA	B2RY15,Q71LX4,Q3TKJ2,Q3TN69,Q6PB69,Q8CDM9" (com.compomics.suppl.halflife.UniProtReader:102)
[25-Oct-2011 12:17:37 - INFO] "0.85%" (com.compomics.suppl.halflife.ProteinContextRunner:66)
[25-Oct-2011 12:17:37 - INFO] "Non concensus Nterminus:	HRLES,EAALT,MTDSG,LFQTI,MPEPL	Q8CHD0,Q80UX7,Q80XD5,Q99KZ2,Q9CS05" (com.compomics.suppl.halflife.UniProtReader:102)
[25-Oct-2011 12:17:38 - INFO] "Non concensus Nterminus:	MRRKG,RHCLQ,TLNPV	Q571F6,Q80UP2,Q3UE68" (com.compomics.suppl.halflife.UniProtReader:102)
[25-Oct-2011 12:17:41 - INFO] "Non concensus Nterminus:	MIPVT,LHVEE,RTRGL	Q8R502,Q3TNL3,Q8VE36" (com.compomics.suppl.halflife.UniProtReader:102)
[25-Oct-2011 12:17:42 - INFO] "Non concensus Nterminus:	MPKGG,LKECG,MESRR,DAPSF,SPRGE	B2RY01,B7ZWM7,Q3UMF4,Q6PB57,Q9CRP7" (com.compomics.suppl.halflife.UniProtReader:102)
[25-Oct-2011 12:17:46 - INFO] "0.87%" (com.compomics.suppl.halflife.ProteinContextRunner:66)
[25-Oct-2011 12:17:47 - INFO] "Non concensus Nterminus:	MIIPH,MEEEQ,FTYVV,MQEPR	P97480-1,P97480,Q6P4T3,P97480-2,Q3TPT0" (com.compomics.suppl.halflife.UniProtReader:102)
[25-Oct-2011 12:17:47 - INFO] "Non concensus Nterminus:	MSLNE,MRGRK,MSGPE	Q8BKT0,Q8BUY7,Q8BV54" (com.compomics.suppl.halflife.UniProtReader:102)
[25-Oct-2011 12:17:50 - INFO] "Non concensus Nterminus:	MPQPP,ETEVS,MDPTG,MPGEQ,KLSPR,MVEIN	A2AU91,Q3V1P7,Q8BZ87,P70399-1,P70399,A2AU89,P70399-3,P70399-2,Q8C0U1" (com.compomics.suppl.halflife.UniProtReader:102)
[25-Oct-2011 12:17:50 - INFO] "Non concensus Nterminus:	PRVRT,MSVRR,RDKVT,NPSDI,MAFLV,TNSNM,FKIDN,MNSPV	B2RUJ6,Q5DTR1,Q5NCJ1,Q3TKC6,Q3TPI6,Q3UPQ2,Q5NCJ0,Q8BLC8,Q8R3E5,Q8VCK0,Q5NCJ5,Q562E3,Q5NCJ4" (com.compomics.suppl.halflife.UniProtReader:102)
[25-Oct-2011 12:17:51 - INFO] "Non concensus Nterminus:	MDQMG,MAAQV,AAAGS,TPLCT,MVRFL	A2BH40-1,A2BH40,A2BH40-3,A2BH40-2,A2BH40-4,A2BH41,A2BH37,Q8C846,Q8R024" (com.compomics.suppl.halflife.UniProtReader:102)
[25-Oct-2011 12:17:52 - INFO] "Non concensus Nterminus:	MNVCF,FMVPP,MRREV,EDSPP,MQGNT,STVVG,DDHEY	Q5HZJ0,Q6PAJ6,Q6PF88,Q7TMI8,Q80UU5,Q80Z69,Q8CJ74,Q9CTG2" (com.compomics.suppl.halflife.UniProtReader:102)
[25-Oct-2011 12:17:52 - INFO] "Non concensus Nterminus:	HEGLW,MQFKF,MSSSL,GVDAG	Q4VBD0,Q8BR49,Q8CBQ0,Q9CS23" (com.compomics.suppl.halflife.UniProtReader:102)
[25-Oct-2011 12:17:52 - INFO] "Non concensus Nterminus:	VLHIV,PRSTH,SQAED,MGNIS	P61208,Q1LZJ1,Q3TE09,Q810L2,Q8BV33" (com.compomics.suppl.halflife.UniProtReader:102)
[25-Oct-2011 12:17:53 - INFO] "Non concensus Nterminus:	MATRR,RRLTD,MALVS,ATRRL	Q8BVI5,A2ACM7,Q0VGN4,B7ZCB8,Q8C0W8,B7ZCC0" (com.compomics.suppl.halflife.UniProtReader:102)
[25-Oct-2011 12:17:54 - INFO] "Non concensus Nterminus:	MKPVT,MKPVK,FFLRD,LSPDP,APARP	Q05504,Q66K11,Q6PES2,Q80VJ0,Q99K31" (com.compomics.suppl.halflife.UniProtReader:102)
[25-Oct-2011 12:17:54 - INFO] "0.89%" (com.compomics.suppl.halflife.ProteinContextRunner:66)
[25-Oct-2011 12:17:54 - INFO] "Non concensus Nterminus:	EATVV,RCAAT,GSRLR,MGQRA	B1B0C7,Q2XQV0,Q3UHH3,Q52KG8,Q5RKM8" (com.compomics.suppl.halflife.UniProtReader:102)
[25-Oct-2011 12:17:54 - INFO] "Non concensus Nterminus:	MFVQL,MKEKN,MFVSL	Q8BGF6,Q8BHN8,Q8BHP4" (com.compomics.suppl.halflife.UniProtReader:102)
[25-Oct-2011 12:17:55 - INFO] "Non concensus Nterminus:	RSLRS,MKLKE,VDLAV	Q80V17,Q80V59,Q91Z33" (com.compomics.suppl.halflife.UniProtReader:102)
[25-Oct-2011 12:17:56 - INFO] "Non concensus Nterminus:	GRVGG,ELKNT,PLSSA,LKLFP	Q69ZT3,Q6P6J3,Q811K7,Q9CU98" (com.compomics.suppl.halflife.UniProtReader:102)
[25-Oct-2011 12:17:57 - INFO] "Non concensus Nterminus:	MHDGM,SSSIS,SLRDF,KQVDT,MTNGW	A0AUN2,A2VCS4,A6H637,A7MCX1,Q4VBF3,Q8BGC2,Q9CSR2" (com.compomics.suppl.halflife.UniProtReader:102)
[25-Oct-2011 12:17:57 - INFO] "Non concensus Nterminus:	MLYAL,SSVIS,MAWRT,MVCVQ	Q5SSK3,Q8BTE4,Q8VE66,B7ZCA9" (com.compomics.suppl.halflife.UniProtReader:102)
[25-Oct-2011 12:17:58 - INFO] "Non concensus Nterminus:	VQGQV,MQAQQ,PNFVR,GNYVR	Q62245,Q2M4G6,Q3USK4,Q9JKM6,Q9QYS7" (com.compomics.suppl.halflife.UniProtReader:102)
[25-Oct-2011 12:17:58 - INFO] "Non concensus Nterminus:	FDVQL,MTVVM,MILLA	O08601-2,O08601,Q3UWK4,O08601-1,Q3TVF2" (com.compomics.suppl.halflife.UniProtReader:102)
[25-Oct-2011 12:17:58 - INFO] "Non concensus Nterminus:	PRVRT,MRGRR,HASGP,MAAKA,EQKQS,MAWPF	A2A654,A2A655,Q3TMJ3,Q6P9L3,Q8C473,Q8K092,Q8VDN7" (com.compomics.suppl.halflife.UniProtReader:102)
[25-Oct-2011 12:17:58 - INFO] "Non concensus Nterminus:	MPGPR,RSRKP,EVTRR	Q8BRN9,Q7TPN1,A2A8R5" (com.compomics.suppl.halflife.UniProtReader:102)
[25-Oct-2011 12:17:58 - INFO] "Non concensus Nterminus:	MSVGR,MNQLL,MQKLL,MALSK	Q9D2G5-1,Q9D2G5,Q9D2G5-2,Q9D2G5-4,Q3TTB3,Q9D2G5-5,Q9D2G5-6" (com.compomics.suppl.halflife.UniProtReader:102)
[25-Oct-2011 12:17:59 - INFO] "Non concensus Nterminus:	MIAKD,MSSII,MPSLR,MVTNE	Q497V5-2,Q497V5,B7ZWI4,Q8CHZ0" (com.compomics.suppl.halflife.UniProtReader:102)
[25-Oct-2011 12:17:59 - INFO] "Non concensus Nterminus:	AAFRA,MDRPV,CEQQR	Q9Z2C4,Q8BQ73,Q8C489" (com.compomics.suppl.halflife.UniProtReader:102)
[25-Oct-2011 12:18:01 - INFO] "Non concensus Nterminus:	PVNSR,MATNP,GKGVV,RRGST,MSDET,MVGTI	O35243,Q3TR39,Q3USW6,Q6P8H7,Q80TF0,Q8BHG7" (com.compomics.suppl.halflife.UniProtReader:102)
[25-Oct-2011 12:18:01 - INFO] "0.91%" (com.compomics.suppl.halflife.ProteinContextRunner:66)
[25-Oct-2011 12:18:01 - INFO] "Non concensus Nterminus:	MSEKN,GEPRR,MGLCG,ASALV,VIEND,MEPDS,MPRLK,PRKPH,MSAGG	A2AUX5,Q3UHC7-1,Q3UHC7,A5X2X2,Q3UHC7-3,A2AUX3,B7ZD30,Q3UHC7-2,Q3U2G7,B7ZD29,A2AUX4,Q6Y636,B7ZD31,Q52KF5" (com.compomics.suppl.halflife.UniProtReader:102)
[25-Oct-2011 12:18:02 - INFO] "Non concensus Nterminus:	LLSLL,MPLRR,MGNEN,MGGSQ,FCAAT,ERPPA	Q9JJG0-3,Q9JJG0,Q3UL40,Q5DTJ3,Q9ER91,Q9JJG0-4" (com.compomics.suppl.halflife.UniProtReader:102)
[25-Oct-2011 12:18:03 - INFO] "Non concensus Nterminus:	MSVHT,IFAYG,SSHDI	B2RY84,O35064,Q7TQJ9" (com.compomics.suppl.halflife.UniProtReader:102)
[25-Oct-2011 12:18:04 - INFO] "Non concensus Nterminus:	ATLTP,AAATP,YLIFC	A2AC70,Q3UWM6,Q91WW6" (com.compomics.suppl.halflife.UniProtReader:102)
[25-Oct-2011 12:18:04 - INFO] "Non concensus Nterminus:	MCPVD,LDITV,PEAIK,QSAAK	Q3UVT5,Q6DIC7,Q7TNG2,Q80Y45" (com.compomics.suppl.halflife.UniProtReader:102)
[25-Oct-2011 12:18:05 - INFO] "Non concensus Nterminus:	ERERE,MSSTL,GKRLE,EIQGH,LIRQE	O35411,Q3UGZ4,Q68FG2,Q68FM2,Q6A087,Q80ZK2" (com.compomics.suppl.halflife.UniProtReader:102)
[25-Oct-2011 12:18:06 - INFO] "Non concensus Nterminus:	TGEIV,VRKST,LDEVE,MAQFP,LATQA,AQFPT,PHFRG,HPHQE	Q9Z0R4-1,Q9Z0R4,Q6J1F0,Q8C4B5,Q9Z0R4-2,Q3TUF4,Q8CGU5,Q8CJ43,Q8CJ54,Q9EPX6" (com.compomics.suppl.halflife.UniProtReader:102)
[25-Oct-2011 12:18:07 - INFO] "Non concensus Nterminus:	IAHWQ,KKNKL,DSEKI	Q3UT39,Q6ZPV5,Q6ZWS9" (com.compomics.suppl.halflife.UniProtReader:102)
[25-Oct-2011 12:18:07 - INFO] "Non concensus Nterminus:	DVLQW,MTRKA,MAAPE,MVDQL,GLYLV,YRIGI,PSKSK	Q3UJX6,Q6GQV6,Q6PGH6,Q80X24,Q80XK8,Q8BUH3,Q9D3Z9" (com.compomics.suppl.halflife.UniProtReader:102)
[25-Oct-2011 12:18:08 - INFO] "Non concensus Nterminus:	MLRAI,AASRE,MASAR	Q3UE31,B1APX2,Q69ZV3" (com.compomics.suppl.halflife.UniProtReader:102)
[25-Oct-2011 12:18:09 - INFO] "0.93%" (com.compomics.suppl.halflife.ProteinContextRunner:66)
[25-Oct-2011 12:18:10 - INFO] "Non concensus Nterminus:	MDEDG,MESGG,LTVYP,KRHMK,MKMDL,VTNSD	P17012,B1ASD1,Q3UM56,Q3URA1,B1ASD2,B7ZN32,P23607,Q8CDV8,Q99NJ4,A2ANY0,A2ANX9,Q8BYM9" (com.compomics.suppl.halflife.UniProtReader:102)
[25-Oct-2011 12:18:10 - INFO] "Non concensus Nterminus:	EPFLK,MKSPA,RWSQE,MAGLQ,TKDCL	Q8R418,Q05CY3,Q3UUV8,Q6P8L5,Q6ZQ23,Q8CBU8" (com.compomics.suppl.halflife.UniProtReader:102)
[25-Oct-2011 12:18:12 - INFO] "Non concensus Nterminus:	SPLPF,PSAKP,RWSQT,TAVPQ	Q69ZC0,Q6PCY9,Q8BL12,Q8K0F3" (com.compomics.suppl.halflife.UniProtReader:102)
[25-Oct-2011 12:18:13 - INFO] "Non concensus Nterminus:	FLIFC,QVRNA,MKWKG,MSSAR,MMRRV,MSPGG	Q69ZG0,Q6NV99,Q6P252,Q8BP50,Q8BQC6,Q8CA01,Q8CB73" (com.compomics.suppl.halflife.UniProtReader:102)
[25-Oct-2011 12:18:13 - INFO] "Non concensus Nterminus:	SEMTD,SSEIK	Q6A0C5,Q8BYZ2" (com.compomics.suppl.halflife.UniProtReader:102)
[25-Oct-2011 12:18:15 - INFO] "Non concensus Nterminus:	MGARV,RRRLV,MAVRR	P54763-2,P54763,P54763-1,A3KG00,Q6P5F1,A3KG02,A3KG01" (com.compomics.suppl.halflife.UniProtReader:102)
[25-Oct-2011 12:18:15 - INFO] "Non concensus Nterminus:	DSGGG,PKENS,MVALL	Q5BJ28,Q6KAP1,Q8C103" (com.compomics.suppl.halflife.UniProtReader:102)
[25-Oct-2011 12:18:17 - INFO] "Non concensus Nterminus:	QTEKA,ISQKS	Q8BKL2,Q8R3I7" (com.compomics.suppl.halflife.UniProtReader:102)
[25-Oct-2011 12:18:17 - INFO] "Non concensus Nterminus:	MFNIA,SALGV,MKADV,MASPL	B1AR17,B1AR16,Q7TML9,Q8K0T3" (com.compomics.suppl.halflife.UniProtReader:102)
[25-Oct-2011 12:18:17 - INFO] "0.95%" (com.compomics.suppl.halflife.ProteinContextRunner:66)
[25-Oct-2011 12:18:17 - INFO] "Non concensus Nterminus:	HASDV,RPEAG,DRYMN,MRAVQ,FVWRT,AVILS	Q07113,B7ZWC4,B9EKB8,Q7TMR1,Q80VF2,Q8C2F9,Q8C6V9,Q8K0J1" (com.compomics.suppl.halflife.UniProtReader:102)
[25-Oct-2011 12:18:17 - INFO] "Non concensus Nterminus:	PSHYS,GRVID,LLQHF,GPSDT	Q6A0B1,Q80UW6,Q8BW82,Q8R3A5" (com.compomics.suppl.halflife.UniProtReader:102)
[25-Oct-2011 12:18:18 - INFO] "Non concensus Nterminus:	MRDLP,MAEAE,ETVYL	Q5KU39,Q3TS83,Q6PES1" (com.compomics.suppl.halflife.UniProtReader:102)
[25-Oct-2011 12:18:19 - INFO] "Non concensus Nterminus:	KRTGA,MSKIR,MKNKR,HASGD	B9EHN9,Q8BHW0,Q8CIK5,Q9CT50,Q9CXN5" (com.compomics.suppl.halflife.UniProtReader:102)
[25-Oct-2011 12:18:23 - INFO] "Non concensus Nterminus:	MSSQT,EKCMA	Q812A2-1,Q812A2,Q812A2-2,Q91Z68,Q812A2-4" (com.compomics.suppl.halflife.UniProtReader:102)
[25-Oct-2011 12:18:23 - INFO] "Non concensus Nterminus:	MASAQ,MGFLL,MRHEA,MASAS,MASAT,MELYG	P35276,Q543Q4,Q8BP17,P63011,Q0PD63,P62823,Q3TU26,Q542T7,Q920F0,Q9CXS2" (com.compomics.suppl.halflife.UniProtReader:102)
[25-Oct-2011 12:18:23 - INFO] "Non concensus Nterminus:	MVPYL,PLIGR,MEDLK,MFSFR,LIGRS	Q9D0P7,A2AEF4,Q8BT86,Q8BT87,A2AEE4,A2AEF3,Q922A4" (com.compomics.suppl.halflife.UniProtReader:102)
[25-Oct-2011 12:18:25 - INFO] "Non concensus Nterminus:	MDTLP,PKGPD	Q8JZZ7-2,Q8JZZ7,Q8JZZ7-1,Q0P6A0" (com.compomics.suppl.halflife.UniProtReader:102)
[25-Oct-2011 12:18:26 - INFO] "Non concensus Nterminus:	MGSSS,SHSLR,PPKAH,SIEEI,SHILQ	Q0WXH3,Q31093,Q31166,Q7YP94,Q7YPD1,Q7YPG8,Q8MHM0" (com.compomics.suppl.halflife.UniProtReader:102)
[25-Oct-2011 12:18:26 - INFO] "Non concensus Nterminus:	MEVKS,MRSFL,MRSLL	P70180,Q3TLF4,Q7TMG7" (com.compomics.suppl.halflife.UniProtReader:102)
[25-Oct-2011 12:18:26 - INFO] "Non concensus Nterminus:	METPA,EAHDS,CSPKY,AESYS	A2ACV6,Q69ZW6,Q8CBB8,Q8CD47" (com.compomics.suppl.halflife.UniProtReader:102)
[25-Oct-2011 12:18:27 - INFO] "0.97%" (com.compomics.suppl.halflife.ProteinContextRunner:66)
[25-Oct-2011 12:18:27 - INFO] "Non concensus Nterminus:	VFTLP,VFAYA,MMKFR,DAWVD	Q80Y17,Q80VF1,Q8BNH9,Q9JJ27" (com.compomics.suppl.halflife.UniProtReader:102)
[25-Oct-2011 12:18:28 - INFO] "Non concensus Nterminus:	MEMST,MAGII,DAWAE,MKRNS	A2RSJ4,Q8C318,Q922V6,Q9D574" (com.compomics.suppl.halflife.UniProtReader:102)
[25-Oct-2011 12:18:29 - INFO] "Non concensus Nterminus:	MAHAA,NGNTA,MSEEP,MTTTT	Q9WUD7,Q4U205,Q99N60,Q4U206,Q8VC68" (com.compomics.suppl.halflife.UniProtReader:102)
[25-Oct-2011 12:18:29 - INFO] "Non concensus Nterminus:	MAARE,EIFHV,MDNTY	Q7TMN9,Q8BRX5,Q8BS04" (com.compomics.suppl.halflife.UniProtReader:102)
[25-Oct-2011 12:18:29 - INFO] "Non concensus Nterminus:	MAAAM,MAGIL,MNSEK	Q8BH24,Q14B57,Q922V9" (com.compomics.suppl.halflife.UniProtReader:102)
[25-Oct-2011 12:18:29 - INFO] "Non concensus Nterminus:	NGDPQ,MLCLM,MPIVD	B1AQJ2,B0QZF8,Q8BMX4" (com.compomics.suppl.halflife.UniProtReader:102)
[25-Oct-2011 12:18:31 - INFO] "Non concensus Nterminus:	LGSEL,APTVL,KAPTV,VSDSI,MRPSF,MKAPT	P16056,A1A597,A4FUV6,A4FUV7,Q6Q531,Q6Q532,Q6Q533" (com.compomics.suppl.halflife.UniProtReader:102)
[25-Oct-2011 12:18:31 - INFO] "Non concensus Nterminus:	VRLWP,RLQSF,LVGNR,DSRVP,MDGQP	Q5ND34-1,Q5ND34,Q3UU62,Q68EM0,Q6P8W0,Q8R159" (com.compomics.suppl.halflife.UniProtReader:102)
[25-Oct-2011 12:18:31 - INFO] "Non concensus Nterminus:	MSCFS,NLEID,EQQGE,MTCGS,RNDRS,MSCRS	Q9Z2T6,Q6IMF0,P97861,B2RTB6,Q3TUZ8,Q9ERE2,Q61726" (com.compomics.suppl.halflife.UniProtReader:102)
[25-Oct-2011 12:18:32 - INFO] "Non concensus Nterminus:	MDFRA,MGDVK,MQAMP,MAMIS,DVSQA,MSGQL	Q6PDN3-1,Q6PDN3,B1B1A8,Q6PDN3-3,Q6PDN3-2,Q8CIY5,Q8CIY6" (com.compomics.suppl.halflife.UniProtReader:102)
[25-Oct-2011 12:18:32 - INFO] "Non concensus Nterminus:	FNSGP,NTWRF,MGKRA	O70472,A4VCH7,Q9CSR0" (com.compomics.suppl.halflife.UniProtReader:102)
[25-Oct-2011 12:18:32 - INFO] "Non concensus Nterminus:	KPIYN,IKLDG,NGYSN,TQYFI,MSQHC	Q3US74,Q5SX11,Q6PD17,Q7TT84,Q8CCP4" (com.compomics.suppl.halflife.UniProtReader:102)
[25-Oct-2011 12:18:33 - INFO] "Non concensus Nterminus:	RTAEP,MGPRK,MRNCA	Q8BMI0,Q8BM64,Q8R576" (com.compomics.suppl.halflife.UniProtReader:102)
[25-Oct-2011 12:18:33 - INFO] "Non concensus Nterminus:	MIHRS,CHKCG,MSTRV,MVKEK,MFTEG,MPSLL	Q8K4G5-1,Q8K4G5,Q8K4G5-4,B9EIV0,Q9EPW6,Q8K4G5-3,Q8K4G5-2,Q3TAG5,Q3UP03,Q8K278" (com.compomics.suppl.halflife.UniProtReader:102)
[25-Oct-2011 12:18:33 - INFO] "Non concensus Nterminus:	DSHEP,MASAV,MATSL,SALLK,LLDLL	Q9JHC9-4,Q9JHC9,Q9JHC9-3,A9L8S8,Q3UZ20,Q9CSY3" (com.compomics.suppl.halflife.UniProtReader:102)
[25-Oct-2011 12:18:34 - INFO] "Non concensus Nterminus:	MVVFL,MTESS,MAARA,MGNSH	A2A7S8-2,A2A7S8,A2A7S8-4,A2A7S8-1,A2A7S8-3" (com.compomics.suppl.halflife.UniProtReader:102)
[25-Oct-2011 12:18:34 - INFO] "Non concensus Nterminus:	MVAGM,MSGED,MKIVP,MEPSG,MRFHK	Q9QXS1-8,Q9QXS1,Q8C8S5,Q9QXS1-5,Q6S387,Q9QXS1-10,Q6S388,Q9QXS1-15,Q6S390" (com.compomics.suppl.halflife.UniProtReader:102)
[25-Oct-2011 12:18:35 - INFO] "0.99%" (com.compomics.suppl.halflife.ProteinContextRunner:66)
[25-Oct-2011 12:18:35 - INFO] "Non concensus Nterminus:	MDSRY,MWARD,MLILR	Q9DC53,B2RS65,Q05D94" (com.compomics.suppl.halflife.UniProtReader:102)
[25-Oct-2011 12:18:36 - INFO] "Non concensus Nterminus:	MVHKG,MPTYI,MAGGR,MGEDS,MIFEL,MRTQR	Q9QZ05-3,Q9QZ05,A2AUM0,Q9QZ05-1,A2AUM1,Q9QZ05-2,A2AUM2,Q9QZ05-4,Q9QZ05-5" (com.compomics.suppl.halflife.UniProtReader:102)
[25-Oct-2011 12:18:38 - INFO] "Non concensus Nterminus:	MFKKL,NNAKP,MLQRR,MNEKT	Q91VW5,A4IF57,Q3UYD1,Q4VAB1,Q8C0A4" (com.compomics.suppl.halflife.UniProtReader:102)
[25-Oct-2011 12:18:38 - INFO] "Non concensus Nterminus:	GGVQI,MVLLL,MVVAL,KIWGK,LFITN	Q3UHC8,Q6JIZ0,Q8C697,Q8R5C9,Q9ESZ3" (com.compomics.suppl.halflife.UniProtReader:102)
[25-Oct-2011 12:18:38 - INFO] "Non concensus Nterminus:	MRELE,MLLKA,DPSLL,KGPGS,DPETD,MFGVG,LQDKR	Q3UHK8,Q05CE3,Q3UQ45,Q3UUG8,Q8BNF0,Q8BWM2,Q8BXM6,Q99JR3" (com.compomics.suppl.halflife.UniProtReader:102)
[25-Oct-2011 12:18:39 - INFO] "Non concensus Nterminus:	EGCLA,MDVAL,AVVEI,SSAVN,LASVP,QLLHF,RALTL	Q4QQN3,Q6PDJ9,Q6ZQ86,Q80UV2,Q80W01,Q8BYX4,Q8BYZ5" (com.compomics.suppl.halflife.UniProtReader:102)
[25-Oct-2011 12:18:39 - INFO] "Non concensus Nterminus:	LRGIF,NNLER	Q8CHG7,Q6NXI4" (com.compomics.suppl.halflife.UniProtReader:102)
[25-Oct-2011 12:18:39 - INFO] "Non concensus Nterminus:	SGSEG,MDIVD,QKQER,HLPRR,FNLKD	A0PJJ1,B2RQG2,Q4FZG1,Q80U54,Q8BU94,Q9CV03" (com.compomics.suppl.halflife.UniProtReader:102)
[25-Oct-2011 12:18:40 - INFO] "Non concensus Nterminus:	NTVAR,LKMKC	Q6ZQ80,Q8BSJ2" (com.compomics.suppl.halflife.UniProtReader:102)
[25-Oct-2011 12:18:41 - INFO] "Non concensus Nterminus:	KLRKF,HMITE,RLGKL,FDTLP,MLWWE	A2A9Z0,Q5U476,Q9R0A2,P11531,Q71UQ8,Q71UQ9" (com.compomics.suppl.halflife.UniProtReader:102)
